<?xml version="1.0" encoding="UTF-8"?>
<testsuite xmlns:xsi="http://www.w3.org/2001/XMLSchema-instance" xsi:noNamespaceSchemaLocation="https://maven.apache.org/surefire/maven-surefire-plugin/xsd/surefire-test-report-3.0.xsd" version="3.0" name="org.nauman.app.controller.UserControllerTest" time="1.333" tests="1" errors="1" skipped="0" failures="0">
  <properties>
[...]
</properties>
  <testcase name="testGetUserAsSuperUser" classname="org.nauman.app.controller.UserControllerTest" time="0.007">
    <error message="Failed to load ApplicationContext for [WebMergedContextConfiguration@cf01c2e testClass = org.nauman.app.controller.UserControllerTest, locations = [], classes = [org.nauman.app.AppServiceApplication], contextInitializerClasses = [], activeProfiles = [], propertySourceDescriptors = [], propertySourceProperties = [&quot;org.springframework.boot.test.autoconfigure.web.servlet.WebMvcTestContextBootstrapper=true&quot;], contextCustomizers = [[ImportsContextCustomizer@6f15f52a key = [org.springframework.boot.autoconfigure.task.TaskExecutionAutoConfiguration, org.springframework.boot.autoconfigure.cache.CacheAutoConfiguration, org.springframework.boot.autoconfigure.web.servlet.HttpEncodingAutoConfiguration, org.springframework.boot.autoconfigure.validation.ValidationAutoConfiguration, org.springframework.boot.autoconfigure.context.MessageSourceAutoConfiguration, org.springframework.boot.autoconfigure.hateoas.HypermediaAutoConfiguration, org.springframework.boot.autoconfigure.data.web.SpringDataWebAutoConfiguration, org.springframework.boot.autoconfigure.jackson.JacksonAutoConfiguration, org.springframework.boot.test.autoconfigure.web.reactive.WebTestClientAutoConfiguration, org.springframework.boot.autoconfigure.web.servlet.error.ErrorMvcAutoConfiguration, org.springframework.boot.test.autoconfigure.web.servlet.MockMvcAutoConfiguration, org.springframework.boot.autoconfigure.security.servlet.SecurityAutoConfiguration, org.springframework.boot.autoconfigure.security.servlet.SecurityFilterAutoConfiguration, org.springframework.boot.autoconfigure.http.HttpMessageConvertersAutoConfiguration, org.springframework.boot.autoconfigure.security.oauth2.client.servlet.OAuth2ClientAutoConfiguration, org.springframework.boot.test.autoconfigure.web.servlet.MockMvcSecurityConfiguration, org.springframework.boot.test.autoconfigure.web.servlet.MockMvcWebClientAutoConfiguration, org.springframework.boot.test.autoconfigure.web.servlet.MockMvcWebDriverAutoConfiguration, org.springframework.boot.autoconfigure.thymeleaf.ThymeleafAutoConfiguration, org.springframework.boot.autoconfigure.gson.GsonAutoConfiguration, org.springframework.boot.autoconfigure.jsonb.JsonbAutoConfiguration, org.springframework.boot.autoconfigure.freemarker.FreeMarkerAutoConfiguration, org.springframework.boot.autoconfigure.web.servlet.WebMvcAutoConfiguration, org.springframework.boot.autoconfigure.security.servlet.UserDetailsServiceAutoConfiguration, org.springframework.boot.autoconfigure.security.oauth2.resource.servlet.OAuth2ResourceServerAutoConfiguration, org.springframework.boot.autoconfigure.groovy.template.GroovyTemplateAutoConfiguration, org.springframework.boot.autoconfigure.mustache.MustacheAutoConfiguration]], org.springframework.boot.test.context.filter.ExcludeFilterContextCustomizer@d23e042, org.springframework.boot.test.json.DuplicateJsonObjectContextCustomizerFactory$DuplicateJsonObjectContextCustomizer@14dd7b39, org.springframework.boot.test.mock.mockito.MockitoContextCustomizer@1fe3353, org.springframework.boot.test.autoconfigure.OverrideAutoConfigurationContextCustomizerFactory$DisableAutoConfigurationContextCustomizer@642a7222, org.springframework.boot.test.autoconfigure.actuate.observability.ObservabilityContextCustomizerFactory$DisableObservabilityContextCustomizer@1f, org.springframework.boot.test.autoconfigure.filter.TypeExcludeFiltersContextCustomizer@47158104, org.springframework.boot.test.autoconfigure.properties.PropertyMappingContextCustomizer@7c2d507, org.springframework.boot.test.autoconfigure.web.servlet.WebDriverContextCustomizer@dc9876b, org.springframework.boot.test.context.SpringBootTestAnnotation@c5e37f6d], resourceBasePath = &quot;src/main/webapp&quot;, contextLoader = org.springframework.boot.test.context.SpringBootContextLoader, parent = null]" type="java.lang.IllegalStateException"><![CDATA[java.lang.IllegalStateException: Failed to load ApplicationContext for [WebMergedContextConfiguration@cf01c2e testClass = org.nauman.app.controller.UserControllerTest, locations = [], classes = [org.nauman.app.AppServiceApplication], contextInitializerClasses = [], activeProfiles = [], propertySourceDescriptors = [], propertySourceProperties = ["org.springframework.boot.test.autoconfigure.web.servlet.WebMvcTestContextBootstrapper=true"], contextCustomizers = [[ImportsContextCustomizer@6f15f52a key = [org.springframework.boot.autoconfigure.task.TaskExecutionAutoConfiguration, org.springframework.boot.autoconfigure.cache.CacheAutoConfiguration, org.springframework.boot.autoconfigure.web.servlet.HttpEncodingAutoConfiguration, org.springframework.boot.autoconfigure.validation.ValidationAutoConfiguration, org.springframework.boot.autoconfigure.context.MessageSourceAutoConfiguration, org.springframework.boot.autoconfigure.hateoas.HypermediaAutoConfiguration, org.springframework.boot.autoconfigure.data.web.SpringDataWebAutoConfiguration, org.springframework.boot.autoconfigure.jackson.JacksonAutoConfiguration, org.springframework.boot.test.autoconfigure.web.reactive.WebTestClientAutoConfiguration, org.springframework.boot.autoconfigure.web.servlet.error.ErrorMvcAutoConfiguration, org.springframework.boot.test.autoconfigure.web.servlet.MockMvcAutoConfiguration, org.springframework.boot.autoconfigure.security.servlet.SecurityAutoConfiguration, org.springframework.boot.autoconfigure.security.servlet.SecurityFilterAutoConfiguration, org.springframework.boot.autoconfigure.http.HttpMessageConvertersAutoConfiguration, org.springframework.boot.autoconfigure.security.oauth2.client.servlet.OAuth2ClientAutoConfiguration, org.springframework.boot.test.autoconfigure.web.servlet.MockMvcSecurityConfiguration, org.springframework.boot.test.autoconfigure.web.servlet.MockMvcWebClientAutoConfiguration, org.springframework.boot.test.autoconfigure.web.servlet.MockMvcWebDriverAutoConfiguration, org.springframework.boot.autoconfigure.thymeleaf.ThymeleafAutoConfiguration, org.springframework.boot.autoconfigure.gson.GsonAutoConfiguration, org.springframework.boot.autoconfigure.jsonb.JsonbAutoConfiguration, org.springframework.boot.autoconfigure.freemarker.FreeMarkerAutoConfiguration, org.springframework.boot.autoconfigure.web.servlet.WebMvcAutoConfiguration, org.springframework.boot.autoconfigure.security.servlet.UserDetailsServiceAutoConfiguration, org.springframework.boot.autoconfigure.security.oauth2.resource.servlet.OAuth2ResourceServerAutoConfiguration, org.springframework.boot.autoconfigure.groovy.template.GroovyTemplateAutoConfiguration, org.springframework.boot.autoconfigure.mustache.MustacheAutoConfiguration]], org.springframework.boot.test.context.filter.ExcludeFilterContextCustomizer@d23e042, org.springframework.boot.test.json.DuplicateJsonObjectContextCustomizerFactory$DuplicateJsonObjectContextCustomizer@14dd7b39, org.springframework.boot.test.mock.mockito.MockitoContextCustomizer@1fe3353, org.springframework.boot.test.autoconfigure.OverrideAutoConfigurationContextCustomizerFactory$DisableAutoConfigurationContextCustomizer@642a7222, org.springframework.boot.test.autoconfigure.actuate.observability.ObservabilityContextCustomizerFactory$DisableObservabilityContextCustomizer@1f, org.springframework.boot.test.autoconfigure.filter.TypeExcludeFiltersContextCustomizer@47158104, org.springframework.boot.test.autoconfigure.properties.PropertyMappingContextCustomizer@7c2d507, org.springframework.boot.test.autoconfigure.web.servlet.WebDriverContextCustomizer@dc9876b, org.springframework.boot.test.context.SpringBootTestAnnotation@c5e37f6d], resourceBasePath = "src/main/webapp", contextLoader = org.springframework.boot.test.context.SpringBootContextLoader, parent = null]
	at org.springframework.test.context.cache.DefaultCacheAwareContextLoaderDelegate.loadContext(DefaultCacheAwareContextLoaderDelegate.java:180)
	at org.springframework.test.context.support.DefaultTestContext.getApplicationContext(DefaultTestContext.java:130)
	at org.springframework.boot.test.mock.mockito.MockitoTestExecutionListener.postProcessFields(MockitoTestExecutionListener.java:122)
	at org.springframework.boot.test.mock.mockito.MockitoTestExecutionListener.injectFields(MockitoTestExecutionListener.java:106)
	at org.springframework.boot.test.mock.mockito.MockitoTestExecutionListener.prepareTestInstance(MockitoTestExecutionListener.java:63)
	at org.springframework.test.context.TestContextManager.prepareTestInstance(TestContextManager.java:260)
	at org.springframework.test.context.junit.jupiter.SpringExtension.postProcessTestInstance(SpringExtension.java:163)
	at java.base/java.util.stream.ReferencePipeline$3$1.accept(ReferencePipeline.java:197)
	at java.base/java.util.stream.ReferencePipeline$2$1.accept(ReferencePipeline.java:179)
	at java.base/java.util.ArrayList$ArrayListSpliterator.forEachRemaining(ArrayList.java:1625)
	at java.base/java.util.stream.AbstractPipeline.copyInto(AbstractPipeline.java:509)
	at java.base/java.util.stream.AbstractPipeline.wrapAndCopyInto(AbstractPipeline.java:499)
	at java.base/java.util.stream.StreamSpliterators$WrappingSpliterator.forEachRemaining(StreamSpliterators.java:310)
	at java.base/java.util.stream.Streams$ConcatSpliterator.forEachRemaining(Streams.java:735)
	at java.base/java.util.stream.Streams$ConcatSpliterator.forEachRemaining(Streams.java:734)
	at java.base/java.util.stream.ReferencePipeline$Head.forEach(ReferencePipeline.java:762)
	at java.base/java.util.Optional.orElseGet(Optional.java:364)
	at java.base/java.util.ArrayList.forEach(ArrayList.java:1511)
	at java.base/java.util.ArrayList.forEach(ArrayList.java:1511)
Caused by: org.springframework.beans.factory.UnsatisfiedDependencyException: Error creating bean with name 'jwtAuthenticationFilter' defined in file [/Users/nauman/Documents/Repositories/monolithic-springboot/app-service/target/classes/org/nauman/app/security/filters/JwtAuthenticationFilter.class]: Unsatisfied dependency expressed through constructor parameter 0: No qualifying bean of type 'org.springframework.security.authentication.AuthenticationManager' available: expected at least 1 bean which qualifies as autowire candidate. Dependency annotations: {}
	at org.springframework.beans.factory.support.ConstructorResolver.createArgumentArray(ConstructorResolver.java:795)
	at org.springframework.beans.factory.support.ConstructorResolver.autowireConstructor(ConstructorResolver.java:237)
	at org.springframework.beans.factory.support.AbstractAutowireCapableBeanFactory.autowireConstructor(AbstractAutowireCapableBeanFactory.java:1355)
	at org.springframework.beans.factory.support.AbstractAutowireCapableBeanFactory.createBeanInstance(AbstractAutowireCapableBeanFactory.java:1192)
	at org.springframework.beans.factory.support.AbstractAutowireCapableBeanFactory.doCreateBean(AbstractAutowireCapableBeanFactory.java:562)
	at org.springframework.beans.factory.support.AbstractAutowireCapableBeanFactory.createBean(AbstractAutowireCapableBeanFactory.java:522)
	at org.springframework.beans.factory.support.AbstractBeanFactory.lambda$doGetBean$0(AbstractBeanFactory.java:326)
	at org.springframework.beans.factory.support.DefaultSingletonBeanRegistry.getSingleton(DefaultSingletonBeanRegistry.java:234)
	at org.springframework.beans.factory.support.AbstractBeanFactory.doGetBean(AbstractBeanFactory.java:324)
	at org.springframework.beans.factory.support.AbstractBeanFactory.getBean(AbstractBeanFactory.java:200)
	at org.springframework.beans.factory.support.DefaultListableBeanFactory.preInstantiateSingletons(DefaultListableBeanFactory.java:975)
	at org.springframework.context.support.AbstractApplicationContext.finishBeanFactoryInitialization(AbstractApplicationContext.java:962)
	at org.springframework.context.support.AbstractApplicationContext.refresh(AbstractApplicationContext.java:624)
	at org.springframework.boot.SpringApplication.refresh(SpringApplication.java:754)
	at org.springframework.boot.SpringApplication.refreshContext(SpringApplication.java:456)
	at org.springframework.boot.SpringApplication.run(SpringApplication.java:334)
	at org.springframework.boot.test.context.SpringBootContextLoader.lambda$loadContext$3(SpringBootContextLoader.java:137)
	at org.springframework.util.function.ThrowingSupplier.get(ThrowingSupplier.java:58)
	at org.springframework.util.function.ThrowingSupplier.get(ThrowingSupplier.java:46)
	at org.springframework.boot.SpringApplication.withHook(SpringApplication.java:1454)
	at org.springframework.boot.test.context.SpringBootContextLoader$ContextLoaderHook.run(SpringBootContextLoader.java:553)
	at org.springframework.boot.test.context.SpringBootContextLoader.loadContext(SpringBootContextLoader.java:137)
	at org.springframework.boot.test.context.SpringBootContextLoader.loadContext(SpringBootContextLoader.java:108)
	at org.springframework.test.context.cache.DefaultCacheAwareContextLoaderDelegate.loadContextInternal(DefaultCacheAwareContextLoaderDelegate.java:225)
	at org.springframework.test.context.cache.DefaultCacheAwareContextLoaderDelegate.loadContext(DefaultCacheAwareContextLoaderDelegate.java:152)
	... 18 more
Caused by: org.springframework.beans.factory.NoSuchBeanDefinitionException: No qualifying bean of type 'org.springframework.security.authentication.AuthenticationManager' available: expected at least 1 bean which qualifies as autowire candidate. Dependency annotations: {}
	at org.springframework.beans.factory.support.DefaultListableBeanFactory.raiseNoMatchingBeanFound(DefaultListableBeanFactory.java:1880)
	at org.springframework.beans.factory.support.DefaultListableBeanFactory.doResolveDependency(DefaultListableBeanFactory.java:1406)
	at org.springframework.beans.factory.support.DefaultListableBeanFactory.resolveDependency(DefaultListableBeanFactory.java:1353)
	at org.springframework.beans.factory.support.ConstructorResolver.resolveAutowiredArgument(ConstructorResolver.java:904)
	at org.springframework.beans.factory.support.ConstructorResolver.createArgumentArray(ConstructorResolver.java:782)
	... 42 more
]]></error>
    <system-out><![CDATA[04:10:35.295 [main] INFO org.springframework.test.context.support.AnnotationConfigContextLoaderUtils -- Could not detect default configuration classes for test class [org.nauman.app.controller.UserControllerTest]: UserControllerTest does not declare any static, non-private, non-final, nested classes annotated with @Configuration.
04:10:35.362 [main] INFO org.springframework.boot.test.context.SpringBootTestContextBootstrapper -- Found @SpringBootConfiguration org.nauman.app.AppServiceApplication for test class org.nauman.app.controller.UserControllerTest
04:10:35,241 |-INFO in ch.qos.logback.classic.LoggerContext[default] - This is logback-classic version 1.4.14
04:10:35,242 |-INFO in ch.qos.logback.classic.util.ContextInitializer@3eba57a7 - Here is a list of configurators discovered as a service, by rank: 
04:10:35,242 |-INFO in ch.qos.logback.classic.util.ContextInitializer@3eba57a7 -   org.springframework.boot.logging.logback.RootLogLevelConfigurator
04:10:35,242 |-INFO in ch.qos.logback.classic.util.ContextInitializer@3eba57a7 - They will be invoked in order until ExecutionStatus.DO_NOT_INVOKE_NEXT_IF_ANY is returned.
04:10:35,242 |-INFO in ch.qos.logback.classic.util.ContextInitializer@3eba57a7 - Constructed configurator of type class org.springframework.boot.logging.logback.RootLogLevelConfigurator
04:10:35,246 |-INFO in ch.qos.logback.classic.util.ContextInitializer@3eba57a7 - org.springframework.boot.logging.logback.RootLogLevelConfigurator.configure() call lasted 0 milliseconds. ExecutionStatus=INVOKE_NEXT_IF_ANY
04:10:35,246 |-INFO in ch.qos.logback.classic.util.ContextInitializer@3eba57a7 - Trying to configure with ch.qos.logback.classic.joran.SerializedModelConfigurator
04:10:35,246 |-INFO in ch.qos.logback.classic.util.ContextInitializer@3eba57a7 - Constructed configurator of type class ch.qos.logback.classic.joran.SerializedModelConfigurator
04:10:35,247 |-INFO in ch.qos.logback.classic.LoggerContext[default] - Could NOT find resource [logback-test.scmo]
04:10:35,247 |-INFO in ch.qos.logback.classic.LoggerContext[default] - Could NOT find resource [logback.scmo]
04:10:35,247 |-INFO in ch.qos.logback.classic.util.ContextInitializer@3eba57a7 - ch.qos.logback.classic.joran.SerializedModelConfigurator.configure() call lasted 1 milliseconds. ExecutionStatus=INVOKE_NEXT_IF_ANY
04:10:35,247 |-INFO in ch.qos.logback.classic.util.ContextInitializer@3eba57a7 - Trying to configure with ch.qos.logback.classic.util.DefaultJoranConfigurator
04:10:35,247 |-INFO in ch.qos.logback.classic.util.ContextInitializer@3eba57a7 - Constructed configurator of type class ch.qos.logback.classic.util.DefaultJoranConfigurator
04:10:35,247 |-INFO in ch.qos.logback.classic.LoggerContext[default] - Could NOT find resource [logback-test.xml]
04:10:35,247 |-INFO in ch.qos.logback.classic.LoggerContext[default] - Could NOT find resource [logback.xml]
04:10:35,247 |-INFO in ch.qos.logback.classic.util.ContextInitializer@3eba57a7 - ch.qos.logback.classic.util.DefaultJoranConfigurator.configure() call lasted 0 milliseconds. ExecutionStatus=INVOKE_NEXT_IF_ANY
04:10:35,247 |-INFO in ch.qos.logback.classic.util.ContextInitializer@3eba57a7 - Trying to configure with ch.qos.logback.classic.BasicConfigurator
04:10:35,248 |-INFO in ch.qos.logback.classic.util.ContextInitializer@3eba57a7 - Constructed configurator of type class ch.qos.logback.classic.BasicConfigurator
04:10:35,248 |-INFO in ch.qos.logback.classic.BasicConfigurator@272a179c - Setting up default configuration.
04:10:35,254 |-INFO in ch.qos.logback.classic.util.ContextInitializer@3eba57a7 - ch.qos.logback.classic.BasicConfigurator.configure() call lasted 6 milliseconds. ExecutionStatus=NEUTRAL
04:10:35,539 |-INFO in ch.qos.logback.core.model.processor.AppenderModelHandler - Processing appender named [STDOUT]
04:10:35,539 |-INFO in ch.qos.logback.core.model.processor.AppenderModelHandler - About to instantiate appender of type [ch.qos.logback.core.ConsoleAppender]
04:10:35,540 |-INFO in ch.qos.logback.core.model.processor.ImplicitModelHandler - Assuming default type [ch.qos.logback.classic.encoder.PatternLayoutEncoder] for [encoder] property
04:10:35,545 |-WARN in ch.qos.logback.core.model.processor.AppenderModelHandler - Appender named [FILE] not referenced. Skipping further processing.
04:10:35,545 |-INFO in ch.qos.logback.classic.model.processor.RootLoggerModelHandler - Setting level of ROOT logger to INFO
04:10:35,546 |-INFO in ch.qos.logback.classic.jul.LevelChangePropagator@30feffc - Propagating INFO level on Logger[ROOT] onto the JUL framework
04:10:35,546 |-INFO in ch.qos.logback.core.model.processor.AppenderRefModelHandler - Attaching appender named [STDOUT] to Logger[ROOT]
04:10:35,546 |-INFO in ch.qos.logback.core.model.processor.DefaultProcessor@67207d8a - End of configuration.
04:10:35,546 |-INFO in org.springframework.boot.logging.logback.SpringBootJoranConfigurator@bcb09a6 - Registering current configuration as safe fallback point

22-07-2024 04:10:35.552 &amp#27;[35m[main]&amp#27;[0;39m &amp#27;[39mTRACE&amp#27;[0;39m o.s.c.i.s.SpringFactoriesLoader.load - Loaded [org.springframework.boot.ApplicationContextFactory] names: [org.springframework.boot.web.reactive.context.ReactiveWebServerApplicationContextFactory, org.springframework.boot.web.servlet.context.ServletWebServerApplicationContextFactory]

  .   ____          _            __ _ _
 /\\ / ___'_ __ _ _(_)_ __  __ _ \ \ \ \
( ( )\___ | '_ | '_| | '_ \/ _` | \ \ \ \
 \\/  ___)| |_)| | | | | || (_| |  ) ) ) )
  '  |____| .__|_| |_|_| |_\__, | / / / /
 =========|_|==============|___/=/_/_/_/
 :: Spring Boot ::                (v3.2.4)

22-07-2024 04:10:35.584 &amp#27;[35m[main]&amp#27;[0;39m &amp#27;[34mINFO &amp#27;[0;39m o.n.a.controller.UserControllerTest.logStarting - Starting UserControllerTest using Java 17.0.11 with PID 15610 (started by nauman in /Users/nauman/Documents/Repositories/monolithic-springboot/app-service)
22-07-2024 04:10:35.585 &amp#27;[35m[main]&amp#27;[0;39m &amp#27;[34mINFO &amp#27;[0;39m o.n.a.controller.UserControllerTest.logStartupProfileInfo - No active profile set, falling back to 1 default profile: "default"
22-07-2024 04:10:35.585 &amp#27;[35m[main]&amp#27;[0;39m &amp#27;[39mDEBUG&amp#27;[0;39m o.s.boot.SpringApplication.load - Loading source class org.nauman.app.AppServiceApplication
22-07-2024 04:10:35.590 &amp#27;[35m[main]&amp#27;[0;39m &amp#27;[39mTRACE&amp#27;[0;39m o.s.c.a.ClassPathBeanDefinitionScanner.registerDefaultFilters - JSR-250 'jakarta.annotation.ManagedBean' found and supported for component scanning
22-07-2024 04:10:35.591 &amp#27;[35m[main]&amp#27;[0;39m &amp#27;[39mTRACE&amp#27;[0;39m o.s.c.a.ClassPathBeanDefinitionScanner.registerDefaultFilters - JSR-330 'jakarta.inject.Named' annotation found and supported for component scanning
22-07-2024 04:10:35.594 &amp#27;[35m[main]&amp#27;[0;39m &amp#27;[39mTRACE&amp#27;[0;39m o.s.b.e.RandomValuePropertySourceEnvironmentPostProcessor.logTo - RandomValuePropertySource add to Environment
22-07-2024 04:10:35.594 &amp#27;[35m[main]&amp#27;[0;39m &amp#27;[39mTRACE&amp#27;[0;39m o.s.b.c.c.ConfigDataEnvironmentPostProcessor.logTo - Post-processing environment to add config data
22-07-2024 04:10:35.594 &amp#27;[35m[main]&amp#27;[0;39m &amp#27;[39mTRACE&amp#27;[0;39m o.s.b.c.config.ConfigDataEnvironment.logTo - Building config data environment contributors
22-07-2024 04:10:35.594 &amp#27;[35m[main]&amp#27;[0;39m &amp#27;[39mTRACE&amp#27;[0;39m o.s.b.c.config.ConfigDataEnvironment.logTo - Creating wrapped config data contributor for 'Inlined Test Properties'
22-07-2024 04:10:35.594 &amp#27;[35m[main]&amp#27;[0;39m &amp#27;[39mTRACE&amp#27;[0;39m o.s.b.c.config.ConfigDataEnvironment.logTo - Creating wrapped config data contributor for 'configurationProperties'
22-07-2024 04:10:35.594 &amp#27;[35m[main]&amp#27;[0;39m &amp#27;[39mTRACE&amp#27;[0;39m o.s.b.c.config.ConfigDataEnvironment.logTo - Creating wrapped config data contributor for 'servletConfigInitParams'
22-07-2024 04:10:35.594 &amp#27;[35m[main]&amp#27;[0;39m &amp#27;[39mTRACE&amp#27;[0;39m o.s.b.c.config.ConfigDataEnvironment.logTo - Creating wrapped config data contributor for 'servletContextInitParams'
22-07-2024 04:10:35.595 &amp#27;[35m[main]&amp#27;[0;39m &amp#27;[39mTRACE&amp#27;[0;39m o.s.b.c.config.ConfigDataEnvironment.logTo - Creating wrapped config data contributor for 'systemProperties'
22-07-2024 04:10:35.595 &amp#27;[35m[main]&amp#27;[0;39m &amp#27;[39mTRACE&amp#27;[0;39m o.s.b.c.config.ConfigDataEnvironment.logTo - Creating wrapped config data contributor for 'systemEnvironment'
22-07-2024 04:10:35.595 &amp#27;[35m[main]&amp#27;[0;39m &amp#27;[39mTRACE&amp#27;[0;39m o.s.b.c.config.ConfigDataEnvironment.logTo - Creating wrapped config data contributor for 'random'
22-07-2024 04:10:35.595 &amp#27;[35m[main]&amp#27;[0;39m &amp#27;[39mTRACE&amp#27;[0;39m o.s.b.c.config.ConfigDataEnvironment.logTo - Adding initial config data import from location 'optional:file:./;optional:file:./config/;optional:file:./config/*/'
22-07-2024 04:10:35.595 &amp#27;[35m[main]&amp#27;[0;39m &amp#27;[39mTRACE&amp#27;[0;39m o.s.b.c.config.ConfigDataEnvironment.logTo - Adding initial config data import from location 'optional:classpath:/;optional:classpath:/config/'
22-07-2024 04:10:35.595 &amp#27;[35m[main]&amp#27;[0;39m &amp#27;[39mTRACE&amp#27;[0;39m o.s.b.c.config.ConfigDataEnvironment.logTo - Processing initial config data environment contributors without activation context
22-07-2024 04:10:35.595 &amp#27;[35m[main]&amp#27;[0;39m &amp#27;[39mTRACE&amp#27;[0;39m o.s.b.c.c.ConfigDataEnvironmentContributors.logTo - Processing imports for phase BEFORE_PROFILE_ACTIVATION. no activation context
22-07-2024 04:10:35.595 &amp#27;[35m[main]&amp#27;[0;39m &amp#27;[39mTRACE&amp#27;[0;39m o.s.b.c.c.ConfigDataEnvironmentContributors.logTo - Processing imports [optional:file:./;optional:file:./config/;optional:file:./config/*/]
22-07-2024 04:10:35.595 &amp#27;[35m[main]&amp#27;[0;39m &amp#27;[39mTRACE&amp#27;[0;39m o.s.b.c.c.StandardConfigDataLocationResolver.logTo - Skipping missing resource file:./application.yaml
22-07-2024 04:10:35.595 &amp#27;[35m[main]&amp#27;[0;39m &amp#27;[39mTRACE&amp#27;[0;39m o.s.b.c.c.StandardConfigDataLocationResolver.logTo - Skipping missing resource file:./application.yml
22-07-2024 04:10:35.596 &amp#27;[35m[main]&amp#27;[0;39m &amp#27;[39mTRACE&amp#27;[0;39m o.s.b.c.c.StandardConfigDataLocationResolver.logTo - Skipping missing resource file:./application.xml
22-07-2024 04:10:35.596 &amp#27;[35m[main]&amp#27;[0;39m &amp#27;[39mTRACE&amp#27;[0;39m o.s.b.c.c.StandardConfigDataLocationResolver.logTo - Skipping missing resource file:./application.properties
22-07-2024 04:10:35.596 &amp#27;[35m[main]&amp#27;[0;39m &amp#27;[39mTRACE&amp#27;[0;39m o.s.b.c.c.StandardConfigDataLocationResolver.logTo - Skipping missing resource file:./config/application.yaml
22-07-2024 04:10:35.596 &amp#27;[35m[main]&amp#27;[0;39m &amp#27;[39mTRACE&amp#27;[0;39m o.s.b.c.c.StandardConfigDataLocationResolver.logTo - Skipping missing resource file:./config/application.yml
22-07-2024 04:10:35.596 &amp#27;[35m[main]&amp#27;[0;39m &amp#27;[39mTRACE&amp#27;[0;39m o.s.b.c.c.StandardConfigDataLocationResolver.logTo - Skipping missing resource file:./config/application.xml
22-07-2024 04:10:35.596 &amp#27;[35m[main]&amp#27;[0;39m &amp#27;[39mTRACE&amp#27;[0;39m o.s.b.c.c.StandardConfigDataLocationResolver.logTo - Skipping missing resource file:./config/application.properties
22-07-2024 04:10:35.596 &amp#27;[35m[main]&amp#27;[0;39m &amp#27;[39mTRACE&amp#27;[0;39m o.s.b.c.config.ConfigDataImporter.logTo - Considering resource file [.] from location optional:file:./;optional:file:./config/;optional:file:./config/*/
22-07-2024 04:10:35.596 &amp#27;[35m[main]&amp#27;[0;39m &amp#27;[39mTRACE&amp#27;[0;39m o.s.b.c.config.ConfigDataLoaders.logTo - Loading file [.] using loader org.springframework.boot.context.config.StandardConfigDataLoader
22-07-2024 04:10:35.597 &amp#27;[35m[main]&amp#27;[0;39m &amp#27;[39mTRACE&amp#27;[0;39m o.s.b.c.config.ConfigDataImporter.logTo - Loaded resource file [.] from location optional:file:./;optional:file:./config/;optional:file:./config/*/
22-07-2024 04:10:35.598 &amp#27;[35m[main]&amp#27;[0;39m &amp#27;[39mTRACE&amp#27;[0;39m o.s.b.c.c.ConfigDataEnvironmentContributors.logTo - Imported 1 resource [file [.]]
22-07-2024 04:10:35.598 &amp#27;[35m[main]&amp#27;[0;39m &amp#27;[39mTRACE&amp#27;[0;39m o.s.b.c.c.ConfigDataEnvironmentContributors.logTo - Processing imports [optional:classpath:/;optional:classpath:/config/]
22-07-2024 04:10:35.598 &amp#27;[35m[main]&amp#27;[0;39m &amp#27;[39mTRACE&amp#27;[0;39m o.s.b.c.c.StandardConfigDataLocationResolver.logTo - Skipping missing resource classpath:/application.yaml
22-07-2024 04:10:35.598 &amp#27;[35m[main]&amp#27;[0;39m &amp#27;[39mTRACE&amp#27;[0;39m o.s.b.c.c.StandardConfigDataLocationResolver.logTo - Skipping missing resource classpath:/application.xml
22-07-2024 04:10:35.598 &amp#27;[35m[main]&amp#27;[0;39m &amp#27;[39mTRACE&amp#27;[0;39m o.s.b.c.c.StandardConfigDataLocationResolver.logTo - Skipping missing resource classpath:/application.properties
22-07-2024 04:10:35.598 &amp#27;[35m[main]&amp#27;[0;39m &amp#27;[39mTRACE&amp#27;[0;39m o.s.b.c.c.StandardConfigDataLocationResolver.logTo - Skipping missing resource classpath:/config/application.yaml
22-07-2024 04:10:35.599 &amp#27;[35m[main]&amp#27;[0;39m &amp#27;[39mTRACE&amp#27;[0;39m o.s.b.c.c.StandardConfigDataLocationResolver.logTo - Skipping missing resource classpath:/config/application.yml
22-07-2024 04:10:35.599 &amp#27;[35m[main]&amp#27;[0;39m &amp#27;[39mTRACE&amp#27;[0;39m o.s.b.c.c.StandardConfigDataLocationResolver.logTo - Skipping missing resource classpath:/config/application.xml
22-07-2024 04:10:35.599 &amp#27;[35m[main]&amp#27;[0;39m &amp#27;[39mTRACE&amp#27;[0;39m o.s.b.c.c.StandardConfigDataLocationResolver.logTo - Skipping missing resource classpath:/config/application.properties
22-07-2024 04:10:35.599 &amp#27;[35m[main]&amp#27;[0;39m &amp#27;[39mTRACE&amp#27;[0;39m o.s.b.c.config.ConfigDataImporter.logTo - Considering resource class path resource [application.yml] from location optional:classpath:/;optional:classpath:/config/
22-07-2024 04:10:35.599 &amp#27;[35m[main]&amp#27;[0;39m &amp#27;[39mTRACE&amp#27;[0;39m o.s.b.c.config.ConfigDataLoaders.logTo - Loading class path resource [application.yml] using loader org.springframework.boot.context.config.StandardConfigDataLoader
22-07-2024 04:10:35.599 &amp#27;[35m[main]&amp#27;[0;39m &amp#27;[39mTRACE&amp#27;[0;39m o.s.b.c.config.ConfigDataImporter.logTo - Loaded resource class path resource [application.yml] from location optional:classpath:/;optional:classpath:/config/
22-07-2024 04:10:35.599 &amp#27;[35m[main]&amp#27;[0;39m &amp#27;[39mTRACE&amp#27;[0;39m o.s.b.c.c.ConfigDataEnvironmentContributors.logTo - Imported 1 resource [class path resource [application.yml]]
22-07-2024 04:10:35.602 &amp#27;[35m[main]&amp#27;[0;39m &amp#27;[39mTRACE&amp#27;[0;39m o.s.b.c.c.ConfigDataEnvironmentContributors.logTo - Processed imports for of 2 contributors
22-07-2024 04:10:35.602 &amp#27;[35m[main]&amp#27;[0;39m &amp#27;[39mTRACE&amp#27;[0;39m o.s.b.c.config.ConfigDataEnvironment.logTo - Creating config data activation context from initial contributions
22-07-2024 04:10:35.602 &amp#27;[35m[main]&amp#27;[0;39m &amp#27;[39mTRACE&amp#27;[0;39m o.s.b.c.config.ConfigDataEnvironment.logTo - Processing config data environment contributors with initial activation context
22-07-2024 04:10:35.603 &amp#27;[35m[main]&amp#27;[0;39m &amp#27;[39mTRACE&amp#27;[0;39m o.s.b.c.c.ConfigDataEnvironmentContributors.logTo - Processing imports for phase BEFORE_PROFILE_ACTIVATION. [ConfigDataActivationContext@1dcca8d3 cloudPlatform = [null], profiles = [null]]
22-07-2024 04:10:35.603 &amp#27;[35m[main]&amp#27;[0;39m &amp#27;[39mTRACE&amp#27;[0;39m o.s.b.c.c.ConfigDataEnvironmentContributors.logTo - Processed imports for of 0 contributors
22-07-2024 04:10:35.603 &amp#27;[35m[main]&amp#27;[0;39m &amp#27;[39mTRACE&amp#27;[0;39m o.s.b.c.config.ConfigDataEnvironment.logTo - Deducing profiles from current config data environment contributors
22-07-2024 04:10:35.603 &amp#27;[35m[main]&amp#27;[0;39m &amp#27;[39mTRACE&amp#27;[0;39m o.s.b.c.config.ConfigDataEnvironment.logTo - Processing config data environment contributors with profile activation context
22-07-2024 04:10:35.603 &amp#27;[35m[main]&amp#27;[0;39m &amp#27;[39mTRACE&amp#27;[0;39m o.s.b.c.c.ConfigDataEnvironmentContributors.logTo - Processing imports for phase AFTER_PROFILE_ACTIVATION. [ConfigDataActivationContext@5631962 cloudPlatform = [null], profiles = [Profiles@52a70627 active = '[]', default = '[default]', accepted = '[default]']]
22-07-2024 04:10:35.603 &amp#27;[35m[main]&amp#27;[0;39m &amp#27;[39mTRACE&amp#27;[0;39m o.s.b.c.c.ConfigDataEnvironmentContributors.logTo - Processing imports [optional:file:./;optional:file:./config/;optional:file:./config/*/]
22-07-2024 04:10:35.604 &amp#27;[35m[main]&amp#27;[0;39m &amp#27;[39mTRACE&amp#27;[0;39m o.s.b.c.c.StandardConfigDataLocationResolver.logTo - Skipping missing resource file:./application.yaml
22-07-2024 04:10:35.604 &amp#27;[35m[main]&amp#27;[0;39m &amp#27;[39mTRACE&amp#27;[0;39m o.s.b.c.c.StandardConfigDataLocationResolver.logTo - Skipping missing resource file:./application.yml
22-07-2024 04:10:35.604 &amp#27;[35m[main]&amp#27;[0;39m &amp#27;[39mTRACE&amp#27;[0;39m o.s.b.c.c.StandardConfigDataLocationResolver.logTo - Skipping missing resource file:./application.xml
22-07-2024 04:10:35.604 &amp#27;[35m[main]&amp#27;[0;39m &amp#27;[39mTRACE&amp#27;[0;39m o.s.b.c.c.StandardConfigDataLocationResolver.logTo - Skipping missing resource file:./application.properties
22-07-2024 04:10:35.604 &amp#27;[35m[main]&amp#27;[0;39m &amp#27;[39mTRACE&amp#27;[0;39m o.s.b.c.c.StandardConfigDataLocationResolver.logTo - Skipping missing resource file:./config/application.yaml
22-07-2024 04:10:35.604 &amp#27;[35m[main]&amp#27;[0;39m &amp#27;[39mTRACE&amp#27;[0;39m o.s.b.c.c.StandardConfigDataLocationResolver.logTo - Skipping missing resource file:./config/application.yml
22-07-2024 04:10:35.604 &amp#27;[35m[main]&amp#27;[0;39m &amp#27;[39mTRACE&amp#27;[0;39m o.s.b.c.c.StandardConfigDataLocationResolver.logTo - Skipping missing resource file:./config/application.xml
22-07-2024 04:10:35.604 &amp#27;[35m[main]&amp#27;[0;39m &amp#27;[39mTRACE&amp#27;[0;39m o.s.b.c.c.StandardConfigDataLocationResolver.logTo - Skipping missing resource file:./config/application.properties
22-07-2024 04:10:35.604 &amp#27;[35m[main]&amp#27;[0;39m &amp#27;[39mTRACE&amp#27;[0;39m o.s.b.c.c.StandardConfigDataLocationResolver.logTo - Skipping missing resource file:./application-default.yaml
22-07-2024 04:10:35.604 &amp#27;[35m[main]&amp#27;[0;39m &amp#27;[39mTRACE&amp#27;[0;39m o.s.b.c.c.StandardConfigDataLocationResolver.logTo - Skipping missing resource file:./application-default.yml
22-07-2024 04:10:35.604 &amp#27;[35m[main]&amp#27;[0;39m &amp#27;[39mTRACE&amp#27;[0;39m o.s.b.c.c.StandardConfigDataLocationResolver.logTo - Skipping missing resource file:./application-default.xml
22-07-2024 04:10:35.604 &amp#27;[35m[main]&amp#27;[0;39m &amp#27;[39mTRACE&amp#27;[0;39m o.s.b.c.c.StandardConfigDataLocationResolver.logTo - Skipping missing resource file:./application-default.properties
22-07-2024 04:10:35.604 &amp#27;[35m[main]&amp#27;[0;39m &amp#27;[39mTRACE&amp#27;[0;39m o.s.b.c.c.StandardConfigDataLocationResolver.logTo - Skipping missing resource file:./config/application-default.yaml
22-07-2024 04:10:35.605 &amp#27;[35m[main]&amp#27;[0;39m &amp#27;[39mTRACE&amp#27;[0;39m o.s.b.c.c.StandardConfigDataLocationResolver.logTo - Skipping missing resource file:./config/application-default.yml
22-07-2024 04:10:35.605 &amp#27;[35m[main]&amp#27;[0;39m &amp#27;[39mTRACE&amp#27;[0;39m o.s.b.c.c.StandardConfigDataLocationResolver.logTo - Skipping missing resource file:./config/application-default.xml
22-07-2024 04:10:35.605 &amp#27;[35m[main]&amp#27;[0;39m &amp#27;[39mTRACE&amp#27;[0;39m o.s.b.c.c.StandardConfigDataLocationResolver.logTo - Skipping missing resource file:./config/application-default.properties
22-07-2024 04:10:35.605 &amp#27;[35m[main]&amp#27;[0;39m &amp#27;[39mTRACE&amp#27;[0;39m o.s.b.c.config.ConfigDataImporter.logTo - Considering resource file [.] from location optional:file:./;optional:file:./config/;optional:file:./config/*/
22-07-2024 04:10:35.605 &amp#27;[35m[main]&amp#27;[0;39m &amp#27;[39mTRACE&amp#27;[0;39m o.s.b.c.config.ConfigDataImporter.logTo - Already loaded resource file [.] ignoring location optional:file:./;optional:file:./config/;optional:file:./config/*/
22-07-2024 04:10:35.605 &amp#27;[35m[main]&amp#27;[0;39m &amp#27;[39mTRACE&amp#27;[0;39m o.s.b.c.config.ConfigDataImporter.logTo - Considering resource file [.] from location optional:file:./;optional:file:./config/;optional:file:./config/*/
22-07-2024 04:10:35.605 &amp#27;[35m[main]&amp#27;[0;39m &amp#27;[39mTRACE&amp#27;[0;39m o.s.b.c.config.ConfigDataImporter.logTo - Already loaded resource file [.] ignoring location optional:file:./;optional:file:./config/;optional:file:./config/*/
22-07-2024 04:10:35.605 &amp#27;[35m[main]&amp#27;[0;39m &amp#27;[39mTRACE&amp#27;[0;39m o.s.b.c.c.ConfigDataEnvironmentContributors.logTo - Nothing imported
22-07-2024 04:10:35.605 &amp#27;[35m[main]&amp#27;[0;39m &amp#27;[39mTRACE&amp#27;[0;39m o.s.b.c.c.ConfigDataEnvironmentContributors.logTo - Processing imports [optional:classpath:/;optional:classpath:/config/]
22-07-2024 04:10:35.605 &amp#27;[35m[main]&amp#27;[0;39m &amp#27;[39mTRACE&amp#27;[0;39m o.s.b.c.c.StandardConfigDataLocationResolver.logTo - Skipping missing resource classpath:/application.yaml
22-07-2024 04:10:35.605 &amp#27;[35m[main]&amp#27;[0;39m &amp#27;[39mTRACE&amp#27;[0;39m o.s.b.c.c.StandardConfigDataLocationResolver.logTo - Skipping missing resource classpath:/application.xml
22-07-2024 04:10:35.606 &amp#27;[35m[main]&amp#27;[0;39m &amp#27;[39mTRACE&amp#27;[0;39m o.s.b.c.c.StandardConfigDataLocationResolver.logTo - Skipping missing resource classpath:/application.properties
22-07-2024 04:10:35.606 &amp#27;[35m[main]&amp#27;[0;39m &amp#27;[39mTRACE&amp#27;[0;39m o.s.b.c.c.StandardConfigDataLocationResolver.logTo - Skipping missing resource classpath:/config/application.yaml
22-07-2024 04:10:35.606 &amp#27;[35m[main]&amp#27;[0;39m &amp#27;[39mTRACE&amp#27;[0;39m o.s.b.c.c.StandardConfigDataLocationResolver.logTo - Skipping missing resource classpath:/config/application.yml
22-07-2024 04:10:35.606 &amp#27;[35m[main]&amp#27;[0;39m &amp#27;[39mTRACE&amp#27;[0;39m o.s.b.c.c.StandardConfigDataLocationResolver.logTo - Skipping missing resource classpath:/config/application.xml
22-07-2024 04:10:35.606 &amp#27;[35m[main]&amp#27;[0;39m &amp#27;[39mTRACE&amp#27;[0;39m o.s.b.c.c.StandardConfigDataLocationResolver.logTo - Skipping missing resource classpath:/config/application.properties
22-07-2024 04:10:35.606 &amp#27;[35m[main]&amp#27;[0;39m &amp#27;[39mTRACE&amp#27;[0;39m o.s.b.c.c.StandardConfigDataLocationResolver.logTo - Skipping missing resource classpath:/application-default.yaml
22-07-2024 04:10:35.606 &amp#27;[35m[main]&amp#27;[0;39m &amp#27;[39mTRACE&amp#27;[0;39m o.s.b.c.c.StandardConfigDataLocationResolver.logTo - Skipping missing resource classpath:/application-default.yml
22-07-2024 04:10:35.606 &amp#27;[35m[main]&amp#27;[0;39m &amp#27;[39mTRACE&amp#27;[0;39m o.s.b.c.c.StandardConfigDataLocationResolver.logTo - Skipping missing resource classpath:/application-default.xml
22-07-2024 04:10:35.606 &amp#27;[35m[main]&amp#27;[0;39m &amp#27;[39mTRACE&amp#27;[0;39m o.s.b.c.c.StandardConfigDataLocationResolver.logTo - Skipping missing resource classpath:/application-default.properties
22-07-2024 04:10:35.606 &amp#27;[35m[main]&amp#27;[0;39m &amp#27;[39mTRACE&amp#27;[0;39m o.s.b.c.c.StandardConfigDataLocationResolver.logTo - Skipping missing resource classpath:/config/application-default.yaml
22-07-2024 04:10:35.606 &amp#27;[35m[main]&amp#27;[0;39m &amp#27;[39mTRACE&amp#27;[0;39m o.s.b.c.c.StandardConfigDataLocationResolver.logTo - Skipping missing resource classpath:/config/application-default.yml
22-07-2024 04:10:35.606 &amp#27;[35m[main]&amp#27;[0;39m &amp#27;[39mTRACE&amp#27;[0;39m o.s.b.c.c.StandardConfigDataLocationResolver.logTo - Skipping missing resource classpath:/config/application-default.xml
22-07-2024 04:10:35.606 &amp#27;[35m[main]&amp#27;[0;39m &amp#27;[39mTRACE&amp#27;[0;39m o.s.b.c.c.StandardConfigDataLocationResolver.logTo - Skipping missing resource classpath:/config/application-default.properties
22-07-2024 04:10:35.607 &amp#27;[35m[main]&amp#27;[0;39m &amp#27;[39mTRACE&amp#27;[0;39m o.s.b.c.config.ConfigDataImporter.logTo - Considering resource class path resource [application.yml] from location optional:classpath:/;optional:classpath:/config/
22-07-2024 04:10:35.607 &amp#27;[35m[main]&amp#27;[0;39m &amp#27;[39mTRACE&amp#27;[0;39m o.s.b.c.config.ConfigDataImporter.logTo - Already loaded resource class path resource [application.yml] ignoring location optional:classpath:/;optional:classpath:/config/
22-07-2024 04:10:35.607 &amp#27;[35m[main]&amp#27;[0;39m &amp#27;[39mTRACE&amp#27;[0;39m o.s.b.c.c.ConfigDataEnvironmentContributors.logTo - Nothing imported
22-07-2024 04:10:35.607 &amp#27;[35m[main]&amp#27;[0;39m &amp#27;[39mTRACE&amp#27;[0;39m o.s.b.c.c.ConfigDataEnvironmentContributors.logTo - Processed imports for of 2 contributors
22-07-2024 04:10:35.607 &amp#27;[35m[main]&amp#27;[0;39m &amp#27;[39mTRACE&amp#27;[0;39m o.s.b.c.config.ConfigDataEnvironment.logTo - Applying config data environment contributions
22-07-2024 04:10:35.607 &amp#27;[35m[main]&amp#27;[0;39m &amp#27;[39mTRACE&amp#27;[0;39m o.s.b.c.config.ConfigDataEnvironment.logTo - Adding imported property source 'Config resource 'class path resource [application.yml]' via location 'optional:classpath:/''
22-07-2024 04:10:35.607 &amp#27;[35m[main]&amp#27;[0;39m &amp#27;[39mTRACE&amp#27;[0;39m o.s.b.c.config.ConfigDataEnvironment.logTo - Setting default profiles: [default]
22-07-2024 04:10:35.607 &amp#27;[35m[main]&amp#27;[0;39m &amp#27;[39mTRACE&amp#27;[0;39m o.s.b.c.config.ConfigDataEnvironment.logTo - Setting active profiles: []
22-07-2024 04:10:35.612 &amp#27;[35m[main]&amp#27;[0;39m &amp#27;[39mTRACE&amp#27;[0;39m o.s.w.c.s.GenericWebApplicationContext.prepareRefresh - Refreshing org.springframework.web.context.support.GenericWebApplicationContext@247667dd, started on Mon Jul 22 04:10:35 PKT 2024
22-07-2024 04:10:35.616 &amp#27;[35m[main]&amp#27;[0;39m &amp#27;[39mTRACE&amp#27;[0;39m o.s.b.f.s.DefaultListableBeanFactory.registerScope - Registering scope 'request' with implementation [org.springframework.web.context.request.RequestScope@6ed06f69]
22-07-2024 04:10:35.616 &amp#27;[35m[main]&amp#27;[0;39m &amp#27;[39mTRACE&amp#27;[0;39m o.s.b.f.s.DefaultListableBeanFactory.registerScope - Registering scope 'session' with implementation [org.springframework.web.context.request.SessionScope@39109136]
22-07-2024 04:10:35.617 &amp#27;[35m[main]&amp#27;[0;39m &amp#27;[39mTRACE&amp#27;[0;39m o.s.b.f.s.DefaultListableBeanFactory.registerScope - Registering scope 'application' with implementation [org.springframework.web.context.support.ServletContextScope@7f9ab969]
22-07-2024 04:10:35.621 &amp#27;[35m[main]&amp#27;[0;39m &amp#27;[39mDEBUG&amp#27;[0;39m o.s.b.f.s.DefaultListableBeanFactory.getSingleton - Creating shared instance of singleton bean 'org.springframework.context.annotation.internalConfigurationAnnotationProcessor'
22-07-2024 04:10:35.621 &amp#27;[35m[main]&amp#27;[0;39m &amp#27;[39mTRACE&amp#27;[0;39m o.s.b.f.s.DefaultListableBeanFactory.createBean - Creating instance of bean 'org.springframework.context.annotation.internalConfigurationAnnotationProcessor'
22-07-2024 04:10:35.627 &amp#27;[35m[main]&amp#27;[0;39m &amp#27;[39mDEBUG&amp#27;[0;39m o.s.b.f.s.DefaultListableBeanFactory.getSingleton - Creating shared instance of singleton bean 'org.springframework.boot.autoconfigure.internalCachingMetadataReaderFactory'
22-07-2024 04:10:35.627 &amp#27;[35m[main]&amp#27;[0;39m &amp#27;[39mTRACE&amp#27;[0;39m o.s.b.f.s.DefaultListableBeanFactory.createBean - Creating instance of bean 'org.springframework.boot.autoconfigure.internalCachingMetadataReaderFactory'
22-07-2024 04:10:35.628 &amp#27;[35m[main]&amp#27;[0;39m &amp#27;[39mTRACE&amp#27;[0;39m o.s.b.f.s.DefaultListableBeanFactory.createBean - Finished creating instance of bean 'org.springframework.boot.autoconfigure.internalCachingMetadataReaderFactory'
22-07-2024 04:10:35.628 &amp#27;[35m[main]&amp#27;[0;39m &amp#27;[39mTRACE&amp#27;[0;39m o.s.c.i.s.SpringFactoriesLoader.load - Loaded [org.springframework.beans.BeanInfoFactory] names: [org.springframework.data.util.KotlinBeanInfoFactory]
22-07-2024 04:10:35.629 &amp#27;[35m[main]&amp#27;[0;39m &amp#27;[39mTRACE&amp#27;[0;39m o.s.beans.CachedIntrospectionResults.<init> - Getting BeanInfo for class [org.springframework.context.annotation.ConfigurationClassPostProcessor]
22-07-2024 04:10:35.631 &amp#27;[35m[main]&amp#27;[0;39m &amp#27;[39mTRACE&amp#27;[0;39m o.s.beans.CachedIntrospectionResults.<init> - Caching PropertyDescriptors for class [org.springframework.context.annotation.ConfigurationClassPostProcessor]
22-07-2024 04:10:35.631 &amp#27;[35m[main]&amp#27;[0;39m &amp#27;[39mTRACE&amp#27;[0;39m o.s.beans.CachedIntrospectionResults.<init> - Found bean property 'applicationStartup' of type [org.springframework.core.metrics.ApplicationStartup]
22-07-2024 04:10:35.631 &amp#27;[35m[main]&amp#27;[0;39m &amp#27;[39mTRACE&amp#27;[0;39m o.s.beans.CachedIntrospectionResults.<init> - Found bean property 'beanClassLoader' of type [java.lang.ClassLoader]
22-07-2024 04:10:35.631 &amp#27;[35m[main]&amp#27;[0;39m &amp#27;[39mTRACE&amp#27;[0;39m o.s.beans.CachedIntrospectionResults.<init> - Found bean property 'beanExcludedFromAotProcessing' of type [boolean]
22-07-2024 04:10:35.631 &amp#27;[35m[main]&amp#27;[0;39m &amp#27;[39mTRACE&amp#27;[0;39m o.s.beans.CachedIntrospectionResults.<init> - Found bean property 'beanNameGenerator' of type [org.springframework.beans.factory.support.BeanNameGenerator]
22-07-2024 04:10:35.632 &amp#27;[35m[main]&amp#27;[0;39m &amp#27;[39mTRACE&amp#27;[0;39m o.s.beans.CachedIntrospectionResults.<init> - Found bean property 'class' of type [java.lang.Class]
22-07-2024 04:10:35.632 &amp#27;[35m[main]&amp#27;[0;39m &amp#27;[39mTRACE&amp#27;[0;39m o.s.beans.CachedIntrospectionResults.<init> - Found bean property 'environment' of type [org.springframework.core.env.Environment]
22-07-2024 04:10:35.632 &amp#27;[35m[main]&amp#27;[0;39m &amp#27;[39mTRACE&amp#27;[0;39m o.s.beans.CachedIntrospectionResults.<init> - Found bean property 'metadataReaderFactory' of type [org.springframework.core.type.classreading.MetadataReaderFactory]
22-07-2024 04:10:35.632 &amp#27;[35m[main]&amp#27;[0;39m &amp#27;[39mTRACE&amp#27;[0;39m o.s.beans.CachedIntrospectionResults.<init> - Found bean property 'order' of type [int]
22-07-2024 04:10:35.632 &amp#27;[35m[main]&amp#27;[0;39m &amp#27;[39mTRACE&amp#27;[0;39m o.s.beans.CachedIntrospectionResults.<init> - Found bean property 'problemReporter' of type [org.springframework.beans.factory.parsing.ProblemReporter]
22-07-2024 04:10:35.635 &amp#27;[35m[main]&amp#27;[0;39m &amp#27;[39mTRACE&amp#27;[0;39m o.s.beans.CachedIntrospectionResults.<init> - Found bean property 'resourceLoader' of type [org.springframework.core.io.ResourceLoader]
22-07-2024 04:10:35.635 &amp#27;[35m[main]&amp#27;[0;39m &amp#27;[39mTRACE&amp#27;[0;39m o.s.beans.CachedIntrospectionResults.<init> - Found bean property 'sourceExtractor' of type [org.springframework.beans.factory.parsing.SourceExtractor]
22-07-2024 04:10:35.637 &amp#27;[35m[main]&amp#27;[0;39m &amp#27;[39mTRACE&amp#27;[0;39m o.s.b.f.s.DefaultListableBeanFactory.createBean - Finished creating instance of bean 'org.springframework.context.annotation.internalConfigurationAnnotationProcessor'
22-07-2024 04:10:35.648 &amp#27;[35m[main]&amp#27;[0;39m &amp#27;[39mTRACE&amp#27;[0;39m o.s.c.a.ClassPathBeanDefinitionScanner.registerDefaultFilters - JSR-250 'jakarta.annotation.ManagedBean' found and supported for component scanning
22-07-2024 04:10:35.648 &amp#27;[35m[main]&amp#27;[0;39m &amp#27;[39mTRACE&amp#27;[0;39m o.s.c.a.ClassPathBeanDefinitionScanner.registerDefaultFilters - JSR-330 'jakarta.inject.Named' annotation found and supported for component scanning
22-07-2024 04:10:35.649 &amp#27;[35m[main]&amp#27;[0;39m &amp#27;[39mTRACE&amp#27;[0;39m o.s.c.i.s.PathMatchingResourcePatternResolver.findAllModulePathResources - Resolved module-path location pattern [org/nauman/app/**/*.class] to resources []
22-07-2024 04:10:35.649 &amp#27;[35m[main]&amp#27;[0;39m &amp#27;[39mTRACE&amp#27;[0;39m o.s.c.i.s.PathMatchingResourcePatternResolver.findAllModulePathResources - Resolved module-path location pattern [org/nauman/app/] to resources []
22-07-2024 04:10:35.649 &amp#27;[35m[main]&amp#27;[0;39m &amp#27;[39mTRACE&amp#27;[0;39m o.s.c.i.s.PathMatchingResourcePatternResolver.findAllClassPathResources - Resolved class path location [org/nauman/app/] to resources [file [/Users/nauman/Documents/Repositories/monolithic-springboot/app-service/target/test-classes/org/nauman/app], file [/Users/nauman/Documents/Repositories/monolithic-springboot/app-service/target/classes/org/nauman/app]]
22-07-2024 04:10:35.650 &amp#27;[35m[main]&amp#27;[0;39m &amp#27;[39mTRACE&amp#27;[0;39m o.s.c.i.s.PathMatchingResourcePatternResolver.doFindPathMatchingFileResources - Searching directory [/Users/nauman/Documents/Repositories/monolithic-springboot/app-service/target/test-classes/org/nauman/app] for files matching pattern [**/*.class]
22-07-2024 04:10:35.650 &amp#27;[35m[main]&amp#27;[0;39m &amp#27;[39mTRACE&amp#27;[0;39m o.s.c.i.s.PathMatchingResourcePatternResolver.doFindPathMatchingFileResources - Searching directory [/Users/nauman/Documents/Repositories/monolithic-springboot/app-service/target/classes/org/nauman/app] for files matching pattern [**/*.class]
22-07-2024 04:10:35.652 &amp#27;[35m[main]&amp#27;[0;39m &amp#27;[39mTRACE&amp#27;[0;39m o.s.c.i.s.PathMatchingResourcePatternResolver.findPathMatchingResources - Resolved location pattern [classpath*:org/nauman/app/**/*.class] to resources [file [/Users/nauman/Documents/Repositories/monolithic-springboot/app-service/target/test-classes/org/nauman/app/controller/UserControllerTest.class], file [/Users/nauman/Documents/Repositories/monolithic-springboot/app-service/target/test-classes/org/nauman/app/service/UserServiceTest.class], file [/Users/nauman/Documents/Repositories/monolithic-springboot/app-service/target/classes/org/nauman/app/AppServiceApplication.class], file [/Users/nauman/Documents/Repositories/monolithic-springboot/app-service/target/classes/org/nauman/app/config/AppConfig.class], file [/Users/nauman/Documents/Repositories/monolithic-springboot/app-service/target/classes/org/nauman/app/config/SecurityConfig.class], file [/Users/nauman/Documents/Repositories/monolithic-springboot/app-service/target/classes/org/nauman/app/config/WebMvcConfig.class], file [/Users/nauman/Documents/Repositories/monolithic-springboot/app-service/target/classes/org/nauman/app/controller/AuthController.class], file [/Users/nauman/Documents/Repositories/monolithic-springboot/app-service/target/classes/org/nauman/app/controller/UserController.class], file [/Users/nauman/Documents/Repositories/monolithic-springboot/app-service/target/classes/org/nauman/app/jpa/entity/UserEntity.class], file [/Users/nauman/Documents/Repositories/monolithic-springboot/app-service/target/classes/org/nauman/app/jpa/projections/UserFamilyTreeView.class], file [/Users/nauman/Documents/Repositories/monolithic-springboot/app-service/target/classes/org/nauman/app/jpa/projections/UserLoginView.class], file [/Users/nauman/Documents/Repositories/monolithic-springboot/app-service/target/classes/org/nauman/app/jpa/projections/UserParentView.class], file [/Users/nauman/Documents/Repositories/monolithic-springboot/app-service/target/classes/org/nauman/app/jpa/repository/UserRepository.class], file [/Users/nauman/Documents/Repositories/monolithic-springboot/app-service/target/classes/org/nauman/app/jpa/repository/UserRepositoryCriteria.class], file [/Users/nauman/Documents/Repositories/monolithic-springboot/app-service/target/classes/org/nauman/app/model/LoginDTO.class], file [/Users/nauman/Documents/Repositories/monolithic-springboot/app-service/target/classes/org/nauman/app/model/LoginResponseDTO.class], file [/Users/nauman/Documents/Repositories/monolithic-springboot/app-service/target/classes/org/nauman/app/model/UserDTO.class], file [/Users/nauman/Documents/Repositories/monolithic-springboot/app-service/target/classes/org/nauman/app/model/UserFamilyTreeDTO.class], file [/Users/nauman/Documents/Repositories/monolithic-springboot/app-service/target/classes/org/nauman/app/model/UserParentDTO.class], file [/Users/nauman/Documents/Repositories/monolithic-springboot/app-service/target/classes/org/nauman/app/model/UserViewDTO.class], file [/Users/nauman/Documents/Repositories/monolithic-springboot/app-service/target/classes/org/nauman/app/security/filters/JwtAuthenticationFilter.class], file [/Users/nauman/Documents/Repositories/monolithic-springboot/app-service/target/classes/org/nauman/app/security/model/JwtAuthenticationToken.class], file [/Users/nauman/Documents/Repositories/monolithic-springboot/app-service/target/classes/org/nauman/app/security/providers/JwtAuthenticationProvider.class], file [/Users/nauman/Documents/Repositories/monolithic-springboot/app-service/target/classes/org/nauman/app/service/AuthService.class], file [/Users/nauman/Documents/Repositories/monolithic-springboot/app-service/target/classes/org/nauman/app/service/UserService$1.class], file [/Users/nauman/Documents/Repositories/monolithic-springboot/app-service/target/classes/org/nauman/app/service/UserService$2.class], file [/Users/nauman/Documents/Repositories/monolithic-springboot/app-service/target/classes/org/nauman/app/service/UserService$3.class], file [/Users/nauman/Documents/Repositories/monolithic-springboot/app-service/target/classes/org/nauman/app/service/UserService.class], file [/Users/nauman/Documents/Repositories/monolithic-springboot/app-service/target/classes/org/nauman/app/utils/JwtUtils.class]]
22-07-2024 04:10:35.653 &amp#27;[35m[main]&amp#27;[0;39m &amp#27;[39mTRACE&amp#27;[0;39m o.s.c.a.ClassPathBeanDefinitionScanner.scanCandidateComponents - Scanning file [/Users/nauman/Documents/Repositories/monolithic-springboot/app-service/target/test-classes/org/nauman/app/controller/UserControllerTest.class]
22-07-2024 04:10:35.653 &amp#27;[35m[main]&amp#27;[0;39m &amp#27;[39mTRACE&amp#27;[0;39m o.s.b.f.s.DefaultListableBeanFactory.doGetBean - Returning cached instance of singleton bean 'org.springframework.boot.test.context.filter.TestTypeExcludeFilter'
22-07-2024 04:10:35.653 &amp#27;[35m[main]&amp#27;[0;39m &amp#27;[39mTRACE&amp#27;[0;39m o.s.b.f.s.DefaultListableBeanFactory.doGetBean - Returning cached instance of singleton bean 'org.springframework.boot.test.autoconfigure.filter.TypeExcludeFilters'
22-07-2024 04:10:35.653 &amp#27;[35m[main]&amp#27;[0;39m &amp#27;[39mTRACE&amp#27;[0;39m o.s.c.a.ClassPathBeanDefinitionScanner.scanCandidateComponents - Ignored because not matching any filter: file [/Users/nauman/Documents/Repositories/monolithic-springboot/app-service/target/test-classes/org/nauman/app/controller/UserControllerTest.class]
22-07-2024 04:10:35.653 &amp#27;[35m[main]&amp#27;[0;39m &amp#27;[39mTRACE&amp#27;[0;39m o.s.c.a.ClassPathBeanDefinitionScanner.scanCandidateComponents - Scanning file [/Users/nauman/Documents/Repositories/monolithic-springboot/app-service/target/test-classes/org/nauman/app/service/UserServiceTest.class]
22-07-2024 04:10:35.654 &amp#27;[35m[main]&amp#27;[0;39m &amp#27;[39mTRACE&amp#27;[0;39m o.s.c.a.ClassPathBeanDefinitionScanner.scanCandidateComponents - Ignored because not matching any filter: file [/Users/nauman/Documents/Repositories/monolithic-springboot/app-service/target/test-classes/org/nauman/app/service/UserServiceTest.class]
22-07-2024 04:10:35.654 &amp#27;[35m[main]&amp#27;[0;39m &amp#27;[39mTRACE&amp#27;[0;39m o.s.c.a.ClassPathBeanDefinitionScanner.scanCandidateComponents - Scanning file [/Users/nauman/Documents/Repositories/monolithic-springboot/app-service/target/classes/org/nauman/app/AppServiceApplication.class]
22-07-2024 04:10:35.654 &amp#27;[35m[main]&amp#27;[0;39m &amp#27;[39mTRACE&amp#27;[0;39m o.s.c.a.ClassPathBeanDefinitionScanner.scanCandidateComponents - Ignored because not matching any filter: file [/Users/nauman/Documents/Repositories/monolithic-springboot/app-service/target/classes/org/nauman/app/AppServiceApplication.class]
22-07-2024 04:10:35.654 &amp#27;[35m[main]&amp#27;[0;39m &amp#27;[39mTRACE&amp#27;[0;39m o.s.c.a.ClassPathBeanDefinitionScanner.scanCandidateComponents - Scanning file [/Users/nauman/Documents/Repositories/monolithic-springboot/app-service/target/classes/org/nauman/app/config/AppConfig.class]
22-07-2024 04:10:35.656 &amp#27;[35m[main]&amp#27;[0;39m &amp#27;[39mTRACE&amp#27;[0;39m o.s.c.a.ClassPathBeanDefinitionScanner.scanCandidateComponents - Ignored because not matching any filter: file [/Users/nauman/Documents/Repositories/monolithic-springboot/app-service/target/classes/org/nauman/app/config/AppConfig.class]
22-07-2024 04:10:35.656 &amp#27;[35m[main]&amp#27;[0;39m &amp#27;[39mTRACE&amp#27;[0;39m o.s.c.a.ClassPathBeanDefinitionScanner.scanCandidateComponents - Scanning file [/Users/nauman/Documents/Repositories/monolithic-springboot/app-service/target/classes/org/nauman/app/config/SecurityConfig.class]
22-07-2024 04:10:35.658 &amp#27;[35m[main]&amp#27;[0;39m &amp#27;[39mTRACE&amp#27;[0;39m o.s.c.a.ClassPathBeanDefinitionScanner.scanCandidateComponents - Ignored because not matching any filter: file [/Users/nauman/Documents/Repositories/monolithic-springboot/app-service/target/classes/org/nauman/app/config/SecurityConfig.class]
22-07-2024 04:10:35.658 &amp#27;[35m[main]&amp#27;[0;39m &amp#27;[39mTRACE&amp#27;[0;39m o.s.c.a.ClassPathBeanDefinitionScanner.scanCandidateComponents - Scanning file [/Users/nauman/Documents/Repositories/monolithic-springboot/app-service/target/classes/org/nauman/app/config/WebMvcConfig.class]
22-07-2024 04:10:35.659 &amp#27;[35m[main]&amp#27;[0;39m &amp#27;[39mDEBUG&amp#27;[0;39m o.s.c.a.ClassPathBeanDefinitionScanner.scanCandidateComponents - Identified candidate component class: file [/Users/nauman/Documents/Repositories/monolithic-springboot/app-service/target/classes/org/nauman/app/config/WebMvcConfig.class]
22-07-2024 04:10:35.659 &amp#27;[35m[main]&amp#27;[0;39m &amp#27;[39mTRACE&amp#27;[0;39m o.s.c.a.ClassPathBeanDefinitionScanner.scanCandidateComponents - Scanning file [/Users/nauman/Documents/Repositories/monolithic-springboot/app-service/target/classes/org/nauman/app/controller/AuthController.class]
22-07-2024 04:10:35.659 &amp#27;[35m[main]&amp#27;[0;39m &amp#27;[39mTRACE&amp#27;[0;39m o.s.c.a.ClassPathBeanDefinitionScanner.scanCandidateComponents - Ignored because not matching any filter: file [/Users/nauman/Documents/Repositories/monolithic-springboot/app-service/target/classes/org/nauman/app/controller/AuthController.class]
22-07-2024 04:10:35.659 &amp#27;[35m[main]&amp#27;[0;39m &amp#27;[39mTRACE&amp#27;[0;39m o.s.c.a.ClassPathBeanDefinitionScanner.scanCandidateComponents - Scanning file [/Users/nauman/Documents/Repositories/monolithic-springboot/app-service/target/classes/org/nauman/app/controller/UserController.class]
22-07-2024 04:10:35.660 &amp#27;[35m[main]&amp#27;[0;39m &amp#27;[39mDEBUG&amp#27;[0;39m o.s.c.a.ClassPathBeanDefinitionScanner.scanCandidateComponents - Identified candidate component class: file [/Users/nauman/Documents/Repositories/monolithic-springboot/app-service/target/classes/org/nauman/app/controller/UserController.class]
22-07-2024 04:10:35.660 &amp#27;[35m[main]&amp#27;[0;39m &amp#27;[39mTRACE&amp#27;[0;39m o.s.c.a.ClassPathBeanDefinitionScanner.scanCandidateComponents - Scanning file [/Users/nauman/Documents/Repositories/monolithic-springboot/app-service/target/classes/org/nauman/app/jpa/entity/UserEntity.class]
22-07-2024 04:10:35.661 &amp#27;[35m[main]&amp#27;[0;39m &amp#27;[39mTRACE&amp#27;[0;39m o.s.c.a.ClassPathBeanDefinitionScanner.scanCandidateComponents - Ignored because not matching any filter: file [/Users/nauman/Documents/Repositories/monolithic-springboot/app-service/target/classes/org/nauman/app/jpa/entity/UserEntity.class]
22-07-2024 04:10:35.661 &amp#27;[35m[main]&amp#27;[0;39m &amp#27;[39mTRACE&amp#27;[0;39m o.s.c.a.ClassPathBeanDefinitionScanner.scanCandidateComponents - Scanning file [/Users/nauman/Documents/Repositories/monolithic-springboot/app-service/target/classes/org/nauman/app/jpa/projections/UserFamilyTreeView.class]
22-07-2024 04:10:35.661 &amp#27;[35m[main]&amp#27;[0;39m &amp#27;[39mTRACE&amp#27;[0;39m o.s.c.a.ClassPathBeanDefinitionScanner.scanCandidateComponents - Ignored because not matching any filter: file [/Users/nauman/Documents/Repositories/monolithic-springboot/app-service/target/classes/org/nauman/app/jpa/projections/UserFamilyTreeView.class]
22-07-2024 04:10:35.661 &amp#27;[35m[main]&amp#27;[0;39m &amp#27;[39mTRACE&amp#27;[0;39m o.s.c.a.ClassPathBeanDefinitionScanner.scanCandidateComponents - Scanning file [/Users/nauman/Documents/Repositories/monolithic-springboot/app-service/target/classes/org/nauman/app/jpa/projections/UserLoginView.class]
22-07-2024 04:10:35.661 &amp#27;[35m[main]&amp#27;[0;39m &amp#27;[39mTRACE&amp#27;[0;39m o.s.c.a.ClassPathBeanDefinitionScanner.scanCandidateComponents - Ignored because not matching any filter: file [/Users/nauman/Documents/Repositories/monolithic-springboot/app-service/target/classes/org/nauman/app/jpa/projections/UserLoginView.class]
22-07-2024 04:10:35.661 &amp#27;[35m[main]&amp#27;[0;39m &amp#27;[39mTRACE&amp#27;[0;39m o.s.c.a.ClassPathBeanDefinitionScanner.scanCandidateComponents - Scanning file [/Users/nauman/Documents/Repositories/monolithic-springboot/app-service/target/classes/org/nauman/app/jpa/projections/UserParentView.class]
22-07-2024 04:10:35.662 &amp#27;[35m[main]&amp#27;[0;39m &amp#27;[39mTRACE&amp#27;[0;39m o.s.c.a.ClassPathBeanDefinitionScanner.scanCandidateComponents - Ignored because not matching any filter: file [/Users/nauman/Documents/Repositories/monolithic-springboot/app-service/target/classes/org/nauman/app/jpa/projections/UserParentView.class]
22-07-2024 04:10:35.662 &amp#27;[35m[main]&amp#27;[0;39m &amp#27;[39mTRACE&amp#27;[0;39m o.s.c.a.ClassPathBeanDefinitionScanner.scanCandidateComponents - Scanning file [/Users/nauman/Documents/Repositories/monolithic-springboot/app-service/target/classes/org/nauman/app/jpa/repository/UserRepository.class]
22-07-2024 04:10:35.665 &amp#27;[35m[main]&amp#27;[0;39m &amp#27;[39mTRACE&amp#27;[0;39m o.s.c.a.ClassPathBeanDefinitionScanner.scanCandidateComponents - Ignored because not matching any filter: file [/Users/nauman/Documents/Repositories/monolithic-springboot/app-service/target/classes/org/nauman/app/jpa/repository/UserRepository.class]
22-07-2024 04:10:35.665 &amp#27;[35m[main]&amp#27;[0;39m &amp#27;[39mTRACE&amp#27;[0;39m o.s.c.a.ClassPathBeanDefinitionScanner.scanCandidateComponents - Scanning file [/Users/nauman/Documents/Repositories/monolithic-springboot/app-service/target/classes/org/nauman/app/jpa/repository/UserRepositoryCriteria.class]
22-07-2024 04:10:35.665 &amp#27;[35m[main]&amp#27;[0;39m &amp#27;[39mTRACE&amp#27;[0;39m o.s.c.a.ClassPathBeanDefinitionScanner.scanCandidateComponents - Ignored because not matching any filter: file [/Users/nauman/Documents/Repositories/monolithic-springboot/app-service/target/classes/org/nauman/app/jpa/repository/UserRepositoryCriteria.class]
22-07-2024 04:10:35.665 &amp#27;[35m[main]&amp#27;[0;39m &amp#27;[39mTRACE&amp#27;[0;39m o.s.c.a.ClassPathBeanDefinitionScanner.scanCandidateComponents - Scanning file [/Users/nauman/Documents/Repositories/monolithic-springboot/app-service/target/classes/org/nauman/app/model/LoginDTO.class]
22-07-2024 04:10:35.665 &amp#27;[35m[main]&amp#27;[0;39m &amp#27;[39mTRACE&amp#27;[0;39m o.s.c.a.ClassPathBeanDefinitionScanner.scanCandidateComponents - Ignored because not matching any filter: file [/Users/nauman/Documents/Repositories/monolithic-springboot/app-service/target/classes/org/nauman/app/model/LoginDTO.class]
22-07-2024 04:10:35.665 &amp#27;[35m[main]&amp#27;[0;39m &amp#27;[39mTRACE&amp#27;[0;39m o.s.c.a.ClassPathBeanDefinitionScanner.scanCandidateComponents - Scanning file [/Users/nauman/Documents/Repositories/monolithic-springboot/app-service/target/classes/org/nauman/app/model/LoginResponseDTO.class]
22-07-2024 04:10:35.665 &amp#27;[35m[main]&amp#27;[0;39m &amp#27;[39mTRACE&amp#27;[0;39m o.s.c.a.ClassPathBeanDefinitionScanner.scanCandidateComponents - Ignored because not matching any filter: file [/Users/nauman/Documents/Repositories/monolithic-springboot/app-service/target/classes/org/nauman/app/model/LoginResponseDTO.class]
22-07-2024 04:10:35.666 &amp#27;[35m[main]&amp#27;[0;39m &amp#27;[39mTRACE&amp#27;[0;39m o.s.c.a.ClassPathBeanDefinitionScanner.scanCandidateComponents - Scanning file [/Users/nauman/Documents/Repositories/monolithic-springboot/app-service/target/classes/org/nauman/app/model/UserDTO.class]
22-07-2024 04:10:35.666 &amp#27;[35m[main]&amp#27;[0;39m &amp#27;[39mTRACE&amp#27;[0;39m o.s.c.a.ClassPathBeanDefinitionScanner.scanCandidateComponents - Ignored because not matching any filter: file [/Users/nauman/Documents/Repositories/monolithic-springboot/app-service/target/classes/org/nauman/app/model/UserDTO.class]
22-07-2024 04:10:35.666 &amp#27;[35m[main]&amp#27;[0;39m &amp#27;[39mTRACE&amp#27;[0;39m o.s.c.a.ClassPathBeanDefinitionScanner.scanCandidateComponents - Scanning file [/Users/nauman/Documents/Repositories/monolithic-springboot/app-service/target/classes/org/nauman/app/model/UserFamilyTreeDTO.class]
22-07-2024 04:10:35.666 &amp#27;[35m[main]&amp#27;[0;39m &amp#27;[39mTRACE&amp#27;[0;39m o.s.c.a.ClassPathBeanDefinitionScanner.scanCandidateComponents - Ignored because not matching any filter: file [/Users/nauman/Documents/Repositories/monolithic-springboot/app-service/target/classes/org/nauman/app/model/UserFamilyTreeDTO.class]
22-07-2024 04:10:35.666 &amp#27;[35m[main]&amp#27;[0;39m &amp#27;[39mTRACE&amp#27;[0;39m o.s.c.a.ClassPathBeanDefinitionScanner.scanCandidateComponents - Scanning file [/Users/nauman/Documents/Repositories/monolithic-springboot/app-service/target/classes/org/nauman/app/model/UserParentDTO.class]
22-07-2024 04:10:35.667 &amp#27;[35m[main]&amp#27;[0;39m &amp#27;[39mTRACE&amp#27;[0;39m o.s.c.a.ClassPathBeanDefinitionScanner.scanCandidateComponents - Ignored because not matching any filter: file [/Users/nauman/Documents/Repositories/monolithic-springboot/app-service/target/classes/org/nauman/app/model/UserParentDTO.class]
22-07-2024 04:10:35.667 &amp#27;[35m[main]&amp#27;[0;39m &amp#27;[39mTRACE&amp#27;[0;39m o.s.c.a.ClassPathBeanDefinitionScanner.scanCandidateComponents - Scanning file [/Users/nauman/Documents/Repositories/monolithic-springboot/app-service/target/classes/org/nauman/app/model/UserViewDTO.class]
22-07-2024 04:10:35.667 &amp#27;[35m[main]&amp#27;[0;39m &amp#27;[39mTRACE&amp#27;[0;39m o.s.c.a.ClassPathBeanDefinitionScanner.scanCandidateComponents - Ignored because not matching any filter: file [/Users/nauman/Documents/Repositories/monolithic-springboot/app-service/target/classes/org/nauman/app/model/UserViewDTO.class]
22-07-2024 04:10:35.667 &amp#27;[35m[main]&amp#27;[0;39m &amp#27;[39mTRACE&amp#27;[0;39m o.s.c.a.ClassPathBeanDefinitionScanner.scanCandidateComponents - Scanning file [/Users/nauman/Documents/Repositories/monolithic-springboot/app-service/target/classes/org/nauman/app/security/filters/JwtAuthenticationFilter.class]
22-07-2024 04:10:35.669 &amp#27;[35m[main]&amp#27;[0;39m &amp#27;[39mDEBUG&amp#27;[0;39m o.s.c.a.ClassPathBeanDefinitionScanner.scanCandidateComponents - Identified candidate component class: file [/Users/nauman/Documents/Repositories/monolithic-springboot/app-service/target/classes/org/nauman/app/security/filters/JwtAuthenticationFilter.class]
22-07-2024 04:10:35.670 &amp#27;[35m[main]&amp#27;[0;39m &amp#27;[39mTRACE&amp#27;[0;39m o.s.c.a.ClassPathBeanDefinitionScanner.scanCandidateComponents - Scanning file [/Users/nauman/Documents/Repositories/monolithic-springboot/app-service/target/classes/org/nauman/app/security/model/JwtAuthenticationToken.class]
22-07-2024 04:10:35.671 &amp#27;[35m[main]&amp#27;[0;39m &amp#27;[39mTRACE&amp#27;[0;39m o.s.c.a.ClassPathBeanDefinitionScanner.scanCandidateComponents - Ignored because not matching any filter: file [/Users/nauman/Documents/Repositories/monolithic-springboot/app-service/target/classes/org/nauman/app/security/model/JwtAuthenticationToken.class]
22-07-2024 04:10:35.671 &amp#27;[35m[main]&amp#27;[0;39m &amp#27;[39mTRACE&amp#27;[0;39m o.s.c.a.ClassPathBeanDefinitionScanner.scanCandidateComponents - Scanning file [/Users/nauman/Documents/Repositories/monolithic-springboot/app-service/target/classes/org/nauman/app/security/providers/JwtAuthenticationProvider.class]
22-07-2024 04:10:35.671 &amp#27;[35m[main]&amp#27;[0;39m &amp#27;[39mTRACE&amp#27;[0;39m o.s.c.a.ClassPathBeanDefinitionScanner.scanCandidateComponents - Ignored because not matching any filter: file [/Users/nauman/Documents/Repositories/monolithic-springboot/app-service/target/classes/org/nauman/app/security/providers/JwtAuthenticationProvider.class]
22-07-2024 04:10:35.672 &amp#27;[35m[main]&amp#27;[0;39m &amp#27;[39mTRACE&amp#27;[0;39m o.s.c.a.ClassPathBeanDefinitionScanner.scanCandidateComponents - Scanning file [/Users/nauman/Documents/Repositories/monolithic-springboot/app-service/target/classes/org/nauman/app/service/AuthService.class]
22-07-2024 04:10:35.672 &amp#27;[35m[main]&amp#27;[0;39m &amp#27;[39mTRACE&amp#27;[0;39m o.s.c.a.ClassPathBeanDefinitionScanner.scanCandidateComponents - Ignored because not matching any filter: file [/Users/nauman/Documents/Repositories/monolithic-springboot/app-service/target/classes/org/nauman/app/service/AuthService.class]
22-07-2024 04:10:35.672 &amp#27;[35m[main]&amp#27;[0;39m &amp#27;[39mTRACE&amp#27;[0;39m o.s.c.a.ClassPathBeanDefinitionScanner.scanCandidateComponents - Scanning file [/Users/nauman/Documents/Repositories/monolithic-springboot/app-service/target/classes/org/nauman/app/service/UserService$1.class]
22-07-2024 04:10:35.674 &amp#27;[35m[main]&amp#27;[0;39m &amp#27;[39mTRACE&amp#27;[0;39m o.s.c.a.ClassPathBeanDefinitionScanner.scanCandidateComponents - Ignored because not matching any filter: file [/Users/nauman/Documents/Repositories/monolithic-springboot/app-service/target/classes/org/nauman/app/service/UserService$1.class]
22-07-2024 04:10:35.674 &amp#27;[35m[main]&amp#27;[0;39m &amp#27;[39mTRACE&amp#27;[0;39m o.s.c.a.ClassPathBeanDefinitionScanner.scanCandidateComponents - Scanning file [/Users/nauman/Documents/Repositories/monolithic-springboot/app-service/target/classes/org/nauman/app/service/UserService$2.class]
22-07-2024 04:10:35.674 &amp#27;[35m[main]&amp#27;[0;39m &amp#27;[39mTRACE&amp#27;[0;39m o.s.c.a.ClassPathBeanDefinitionScanner.scanCandidateComponents - Ignored because not matching any filter: file [/Users/nauman/Documents/Repositories/monolithic-springboot/app-service/target/classes/org/nauman/app/service/UserService$2.class]
22-07-2024 04:10:35.674 &amp#27;[35m[main]&amp#27;[0;39m &amp#27;[39mTRACE&amp#27;[0;39m o.s.c.a.ClassPathBeanDefinitionScanner.scanCandidateComponents - Scanning file [/Users/nauman/Documents/Repositories/monolithic-springboot/app-service/target/classes/org/nauman/app/service/UserService$3.class]
22-07-2024 04:10:35.674 &amp#27;[35m[main]&amp#27;[0;39m &amp#27;[39mTRACE&amp#27;[0;39m o.s.c.a.ClassPathBeanDefinitionScanner.scanCandidateComponents - Ignored because not matching any filter: file [/Users/nauman/Documents/Repositories/monolithic-springboot/app-service/target/classes/org/nauman/app/service/UserService$3.class]
22-07-2024 04:10:35.674 &amp#27;[35m[main]&amp#27;[0;39m &amp#27;[39mTRACE&amp#27;[0;39m o.s.c.a.ClassPathBeanDefinitionScanner.scanCandidateComponents - Scanning file [/Users/nauman/Documents/Repositories/monolithic-springboot/app-service/target/classes/org/nauman/app/service/UserService.class]
22-07-2024 04:10:35.675 &amp#27;[35m[main]&amp#27;[0;39m &amp#27;[39mTRACE&amp#27;[0;39m o.s.c.a.ClassPathBeanDefinitionScanner.scanCandidateComponents - Ignored because not matching any filter: file [/Users/nauman/Documents/Repositories/monolithic-springboot/app-service/target/classes/org/nauman/app/service/UserService.class]
22-07-2024 04:10:35.675 &amp#27;[35m[main]&amp#27;[0;39m &amp#27;[39mTRACE&amp#27;[0;39m o.s.c.a.ClassPathBeanDefinitionScanner.scanCandidateComponents - Scanning file [/Users/nauman/Documents/Repositories/monolithic-springboot/app-service/target/classes/org/nauman/app/utils/JwtUtils.class]
22-07-2024 04:10:35.675 &amp#27;[35m[main]&amp#27;[0;39m &amp#27;[39mTRACE&amp#27;[0;39m o.s.c.a.ClassPathBeanDefinitionScanner.scanCandidateComponents - Ignored because not matching any filter: file [/Users/nauman/Documents/Repositories/monolithic-springboot/app-service/target/classes/org/nauman/app/utils/JwtUtils.class]
22-07-2024 04:10:35.682 &amp#27;[35m[main]&amp#27;[0;39m &amp#27;[39mTRACE&amp#27;[0;39m o.s.c.i.s.SpringFactoriesLoader.load - Loaded [org.springframework.boot.autoconfigure.AutoConfigurationImportFilter] names: [org.springframework.boot.autoconfigure.condition.OnBeanCondition, org.springframework.boot.autoconfigure.condition.OnClassCondition, org.springframework.boot.autoconfigure.condition.OnWebApplicationCondition]
22-07-2024 04:10:35.689 &amp#27;[35m[main]&amp#27;[0;39m &amp#27;[39mTRACE&amp#27;[0;39m o.s.b.f.s.DefaultListableBeanFactory.doGetBean - Returning cached instance of singleton bean 'autoConfigurationReport'
22-07-2024 04:10:35.695 &amp#27;[35m[main]&amp#27;[0;39m &amp#27;[39mTRACE&amp#27;[0;39m o.s.b.a.condition.OnClassCondition.logOutcome - Condition OnClassCondition on org.springframework.boot.autoconfigure.freemarker.FreeMarkerAutoConfiguration did not match due to @ConditionalOnClass did not find required class 'freemarker.template.Configuration'
22-07-2024 04:10:35.696 &amp#27;[35m[main]&amp#27;[0;39m &amp#27;[39mTRACE&amp#27;[0;39m o.s.b.a.condition.OnClassCondition.logOutcome - Condition OnClassCondition on org.springframework.boot.autoconfigure.groovy.template.GroovyTemplateAutoConfiguration did not match due to @ConditionalOnClass did not find required class 'groovy.text.markup.MarkupTemplateEngine'
22-07-2024 04:10:35.696 &amp#27;[35m[main]&amp#27;[0;39m &amp#27;[39mTRACE&amp#27;[0;39m o.s.b.a.condition.OnClassCondition.logOutcome - Condition OnClassCondition on org.springframework.boot.autoconfigure.gson.GsonAutoConfiguration did not match due to @ConditionalOnClass did not find required class 'com.google.gson.Gson'
22-07-2024 04:10:35.696 &amp#27;[35m[main]&amp#27;[0;39m &amp#27;[39mTRACE&amp#27;[0;39m o.s.b.a.condition.OnClassCondition.logOutcome - Condition OnClassCondition on org.springframework.boot.autoconfigure.hateoas.HypermediaAutoConfiguration did not match due to @ConditionalOnClass did not find required class 'org.springframework.hateoas.EntityModel'
22-07-2024 04:10:35.696 &amp#27;[35m[main]&amp#27;[0;39m &amp#27;[39mTRACE&amp#27;[0;39m o.s.b.a.condition.OnClassCondition.logOutcome - Condition OnClassCondition on org.springframework.boot.autoconfigure.jsonb.JsonbAutoConfiguration did not match due to @ConditionalOnClass did not find required class 'jakarta.json.bind.Jsonb'
22-07-2024 04:10:35.696 &amp#27;[35m[main]&amp#27;[0;39m &amp#27;[39mTRACE&amp#27;[0;39m o.s.b.a.condition.OnClassCondition.logOutcome - Condition OnClassCondition on org.springframework.boot.autoconfigure.mustache.MustacheAutoConfiguration did not match due to @ConditionalOnClass did not find required class 'com.samskivert.mustache.Mustache'
22-07-2024 04:10:35.696 &amp#27;[35m[main]&amp#27;[0;39m &amp#27;[39mTRACE&amp#27;[0;39m o.s.b.a.condition.OnClassCondition.logOutcome - Condition OnClassCondition on org.springframework.boot.autoconfigure.thymeleaf.ThymeleafAutoConfiguration did not match due to @ConditionalOnClass did not find required class 'org.thymeleaf.spring6.SpringTemplateEngine'
22-07-2024 04:10:35.696 &amp#27;[35m[main]&amp#27;[0;39m &amp#27;[39mTRACE&amp#27;[0;39m o.s.b.a.condition.OnClassCondition.logOutcome - Condition OnClassCondition on org.springframework.boot.autoconfigure.validation.ValidationAutoConfiguration did not match due to @ConditionalOnClass did not find required class 'jakarta.validation.executable.ExecutableValidator'
22-07-2024 04:10:35.696 &amp#27;[35m[main]&amp#27;[0;39m &amp#27;[39mTRACE&amp#27;[0;39m o.s.b.a.condition.OnClassCondition.logOutcome - Condition OnClassCondition on org.springframework.boot.autoconfigure.security.oauth2.client.servlet.OAuth2ClientAutoConfiguration did not match due to @ConditionalOnClass did not find required class 'org.springframework.security.oauth2.client.registration.ClientRegistration'
22-07-2024 04:10:35.696 &amp#27;[35m[main]&amp#27;[0;39m &amp#27;[39mTRACE&amp#27;[0;39m o.s.b.a.condition.OnClassCondition.logOutcome - Condition OnClassCondition on org.springframework.boot.autoconfigure.security.oauth2.resource.servlet.OAuth2ResourceServerAutoConfiguration did not match due to @ConditionalOnClass did not find required class 'org.springframework.security.oauth2.server.resource.authentication.BearerTokenAuthenticationToken'
22-07-2024 04:10:35.696 &amp#27;[35m[main]&amp#27;[0;39m &amp#27;[39mTRACE&amp#27;[0;39m o.s.b.f.s.DefaultListableBeanFactory.doGetBean - Returning cached instance of singleton bean 'autoConfigurationReport'
22-07-2024 04:10:35.697 &amp#27;[35m[main]&amp#27;[0;39m &amp#27;[39mTRACE&amp#27;[0;39m o.s.b.f.s.DefaultListableBeanFactory.doGetBean - Returning cached instance of singleton bean 'autoConfigurationReport'
22-07-2024 04:10:35.700 &amp#27;[35m[main]&amp#27;[0;39m &amp#27;[39mTRACE&amp#27;[0;39m o.s.b.a.AutoConfigurationImportSelector.filter - Filtered 10 auto configuration class in 8 ms
22-07-2024 04:10:35.700 &amp#27;[35m[main]&amp#27;[0;39m &amp#27;[39mTRACE&amp#27;[0;39m o.s.c.i.s.SpringFactoriesLoader.load - Loaded [org.springframework.boot.autoconfigure.AutoConfigurationImportListener] names: [org.springframework.boot.autoconfigure.condition.ConditionEvaluationReportAutoConfigurationImportListener]
22-07-2024 04:10:35.701 &amp#27;[35m[main]&amp#27;[0;39m &amp#27;[39mTRACE&amp#27;[0;39m o.s.b.f.s.DefaultListableBeanFactory.doGetBean - Returning cached instance of singleton bean 'autoConfigurationReport'
22-07-2024 04:10:35.704 &amp#27;[35m[main]&amp#27;[0;39m &amp#27;[39mTRACE&amp#27;[0;39m o.s.b.f.s.DefaultListableBeanFactory.doGetBean - Returning cached instance of singleton bean 'org.springframework.boot.autoconfigure.internalCachingMetadataReaderFactory'
22-07-2024 04:10:35.710 &amp#27;[35m[main]&amp#27;[0;39m &amp#27;[39mTRACE&amp#27;[0;39m o.s.b.f.s.DefaultListableBeanFactory.doGetBean - Returning cached instance of singleton bean 'autoConfigurationReport'
22-07-2024 04:10:35.711 &amp#27;[35m[main]&amp#27;[0;39m &amp#27;[39mTRACE&amp#27;[0;39m o.s.b.f.s.DefaultListableBeanFactory.doGetBean - Returning cached instance of singleton bean 'autoConfigurationReport'
22-07-2024 04:10:35.711 &amp#27;[35m[main]&amp#27;[0;39m &amp#27;[39mTRACE&amp#27;[0;39m o.s.b.f.s.DefaultListableBeanFactory.doGetBean - Returning cached instance of singleton bean 'autoConfigurationReport'
22-07-2024 04:10:35.711 &amp#27;[35m[main]&amp#27;[0;39m &amp#27;[39mTRACE&amp#27;[0;39m o.s.c.i.s.SpringFactoriesLoader.load - Loaded [org.springframework.boot.autoconfigure.AutoConfigurationImportFilter] names: [org.springframework.boot.autoconfigure.condition.OnBeanCondition, org.springframework.boot.autoconfigure.condition.OnClassCondition, org.springframework.boot.autoconfigure.condition.OnWebApplicationCondition]
22-07-2024 04:10:35.714 &amp#27;[35m[main]&amp#27;[0;39m &amp#27;[39mTRACE&amp#27;[0;39m o.s.b.f.s.DefaultListableBeanFactory.doGetBean - Returning cached instance of singleton bean 'autoConfigurationReport'
22-07-2024 04:10:35.714 &amp#27;[35m[main]&amp#27;[0;39m &amp#27;[39mTRACE&amp#27;[0;39m o.s.b.f.s.DefaultListableBeanFactory.doGetBean - Returning cached instance of singleton bean 'autoConfigurationReport'
22-07-2024 04:10:35.714 &amp#27;[35m[main]&amp#27;[0;39m &amp#27;[39mTRACE&amp#27;[0;39m o.s.b.f.s.DefaultListableBeanFactory.doGetBean - Returning cached instance of singleton bean 'autoConfigurationReport'
22-07-2024 04:10:35.714 &amp#27;[35m[main]&amp#27;[0;39m &amp#27;[39mTRACE&amp#27;[0;39m o.s.b.f.s.DefaultListableBeanFactory.doGetBean - Returning cached instance of singleton bean 'autoConfigurationReport'
22-07-2024 04:10:35.714 &amp#27;[35m[main]&amp#27;[0;39m &amp#27;[39mTRACE&amp#27;[0;39m o.s.b.f.s.DefaultListableBeanFactory.doGetBean - Returning cached instance of singleton bean 'autoConfigurationReport'
22-07-2024 04:10:35.714 &amp#27;[35m[main]&amp#27;[0;39m &amp#27;[39mTRACE&amp#27;[0;39m o.s.b.f.s.DefaultListableBeanFactory.doGetBean - Returning cached instance of singleton bean 'autoConfigurationReport'
[...]
work.boot.autoconfigure.security.servlet.SecurityAutoConfiguration, org.springframework.boot.autoconfigure.security.servlet.SecurityFilterAutoConfiguration, org.springframework.boot.autoconfigure.http.HttpMessageConvertersAutoConfiguration, org.springframework.boot.autoconfigure.security.oauth2.client.servlet.OAuth2ClientAutoConfiguration, org.springframework.boot.test.autoconfigure.web.servlet.MockMvcSecurityConfiguration, org.springframework.boot.test.autoconfigure.web.servlet.MockMvcWebClientAutoConfiguration, org.springframework.boot.test.autoconfigure.web.servlet.MockMvcWebDriverAutoConfiguration, org.springframework.boot.autoconfigure.thymeleaf.ThymeleafAutoConfiguration, org.springframework.boot.autoconfigure.gson.GsonAutoConfiguration, org.springframework.boot.autoconfigure.jsonb.JsonbAutoConfiguration, org.springframework.boot.autoconfigure.freemarker.FreeMarkerAutoConfiguration, org.springframework.boot.autoconfigure.web.servlet.WebMvcAutoConfiguration, org.springframework.boot.autoconfigure.security.servlet.UserDetailsServiceAutoConfiguration, org.springframework.boot.autoconfigure.security.oauth2.resource.servlet.OAuth2ResourceServerAutoConfiguration, org.springframework.boot.autoconfigure.groovy.template.GroovyTemplateAutoConfiguration, org.springframework.boot.autoconfigure.mustache.MustacheAutoConfiguration]], org.springframework.boot.test.context.filter.ExcludeFilterContextCustomizer@d23e042, org.springframework.boot.test.json.DuplicateJsonObjectContextCustomizerFactory$DuplicateJsonObjectContextCustomizer@14dd7b39, org.springframework.boot.test.mock.mockito.MockitoContextCustomizer@1fe3353, org.springframework.boot.test.autoconfigure.OverrideAutoConfigurationContextCustomizerFactory$DisableAutoConfigurationContextCustomizer@642a7222, org.springframework.boot.test.autoconfigure.actuate.observability.ObservabilityContextCustomizerFactory$DisableObservabilityContextCustomizer@1f, org.springframework.boot.test.autoconfigure.filter.TypeExcludeFiltersContextCustomizer@47158104, org.springframework.boot.test.autoconfigure.properties.PropertyMappingContextCustomizer@7c2d507, org.springframework.boot.test.autoconfigure.web.servlet.WebDriverContextCustomizer@dc9876b, org.springframework.boot.test.context.SpringBootTestAnnotation@c5e37f6d], resourceBasePath = "src/main/webapp", contextLoader = org.springframework.boot.test.context.SpringBootContextLoader, parent = null]
22-07-2024 04:10:36.526 &amp#27;[35m[main]&amp#27;[0;39m &amp#27;[39mTRACE&amp#27;[0;39m o.s.b.f.s.DefaultListableBeanFactory.doGetBean - Returning cached instance of singleton bean 'autoConfigurationReport'
22-07-2024 04:10:36.527 &amp#27;[35m[main]&amp#27;[0;39m &amp#27;[39mDEBUG&amp#27;[0;39m o.springframework.test.context.cache.logStatistics - Spring test ApplicationContext cache statistics: [DefaultContextCache@682e445e size = 0, maxSize = 32, parentContextCount = 0, hitCount = 0, missCount = 1, failureCount = 1]
22-07-2024 04:10:36.527 &amp#27;[35m[main]&amp#27;[0;39m &amp#27;[31mWARN &amp#27;[0;39m o.s.test.context.TestContextManager.prepareTestInstance - Caught exception while allowing TestExecutionListener [org.springframework.boot.test.mock.mockito.MockitoTestExecutionListener] to prepare test instance [org.nauman.app.controller.UserControllerTest@79e10fb4]
java.lang.IllegalStateException: Failed to load ApplicationContext for [WebMergedContextConfiguration@cf01c2e testClass = org.nauman.app.controller.UserControllerTest, locations = [], classes = [org.nauman.app.AppServiceApplication], contextInitializerClasses = [], activeProfiles = [], propertySourceDescriptors = [], propertySourceProperties = ["org.springframework.boot.test.autoconfigure.web.servlet.WebMvcTestContextBootstrapper=true"], contextCustomizers = [[ImportsContextCustomizer@6f15f52a key = [org.springframework.boot.autoconfigure.task.TaskExecutionAutoConfiguration, org.springframework.boot.autoconfigure.cache.CacheAutoConfiguration, org.springframework.boot.autoconfigure.web.servlet.HttpEncodingAutoConfiguration, org.springframework.boot.autoconfigure.validation.ValidationAutoConfiguration, org.springframework.boot.autoconfigure.context.MessageSourceAutoConfiguration, org.springframework.boot.autoconfigure.hateoas.HypermediaAutoConfiguration, org.springframework.boot.autoconfigure.data.web.SpringDataWebAutoConfiguration, org.springframework.boot.autoconfigure.jackson.JacksonAutoConfiguration, org.springframework.boot.test.autoconfigure.web.reactive.WebTestClientAutoConfiguration, org.springframework.boot.autoconfigure.web.servlet.error.ErrorMvcAutoConfiguration, org.springframework.boot.test.autoconfigure.web.servlet.MockMvcAutoConfiguration, org.springframework.boot.autoconfigure.security.servlet.SecurityAutoConfiguration, org.springframework.boot.autoconfigure.security.servlet.SecurityFilterAutoConfiguration, org.springframework.boot.autoconfigure.http.HttpMessageConvertersAutoConfiguration, org.springframework.boot.autoconfigure.security.oauth2.client.servlet.OAuth2ClientAutoConfiguration, org.springframework.boot.test.autoconfigure.web.servlet.MockMvcSecurityConfiguration, org.springframework.boot.test.autoconfigure.web.servlet.MockMvcWebClientAutoConfiguration, org.springframework.boot.test.autoconfigure.web.servlet.MockMvcWebDriverAutoConfiguration, org.springframework.boot.autoconfigure.thymeleaf.ThymeleafAutoConfiguration, org.springframework.boot.autoconfigure.gson.GsonAutoConfiguration, org.springframework.boot.autoconfigure.jsonb.JsonbAutoConfiguration, org.springframework.boot.autoconfigure.freemarker.FreeMarkerAutoConfiguration, org.springframework.boot.autoconfigure.web.servlet.WebMvcAutoConfiguration, org.springframework.boot.autoconfigure.security.servlet.UserDetailsServiceAutoConfiguration, org.springframework.boot.autoconfigure.security.oauth2.resource.servlet.OAuth2ResourceServerAutoConfiguration, org.springframework.boot.autoconfigure.groovy.template.GroovyTemplateAutoConfiguration, org.springframework.boot.autoconfigure.mustache.MustacheAutoConfiguration]], org.springframework.boot.test.context.filter.ExcludeFilterContextCustomizer@d23e042, org.springframework.boot.test.json.DuplicateJsonObjectContextCustomizerFactory$DuplicateJsonObjectContextCustomizer@14dd7b39, org.springframework.boot.test.mock.mockito.MockitoContextCustomizer@1fe3353, org.springframework.boot.test.autoconfigure.OverrideAutoConfigurationContextCustomizerFactory$DisableAutoConfigurationContextCustomizer@642a7222, org.springframework.boot.test.autoconfigure.actuate.observability.ObservabilityContextCustomizerFactory$DisableObservabilityContextCustomizer@1f, org.springframework.boot.test.autoconfigure.filter.TypeExcludeFiltersContextCustomizer@47158104, org.springframework.boot.test.autoconfigure.properties.PropertyMappingContextCustomizer@7c2d507, org.springframework.boot.test.autoconfigure.web.servlet.WebDriverContextCustomizer@dc9876b, org.springframework.boot.test.context.SpringBootTestAnnotation@c5e37f6d], resourceBasePath = "src/main/webapp", contextLoader = org.springframework.boot.test.context.SpringBootContextLoader, parent = null]
	at org.springframework.test.context.cache.DefaultCacheAwareContextLoaderDelegate.loadContext(DefaultCacheAwareContextLoaderDelegate.java:180)
	at org.springframework.test.context.support.DefaultTestContext.getApplicationContext(DefaultTestContext.java:130)
	at org.springframework.boot.test.mock.mockito.MockitoTestExecutionListener.postProcessFields(MockitoTestExecutionListener.java:122)
	at org.springframework.boot.test.mock.mockito.MockitoTestExecutionListener.injectFields(MockitoTestExecutionListener.java:106)
	at org.springframework.boot.test.mock.mockito.MockitoTestExecutionListener.prepareTestInstance(MockitoTestExecutionListener.java:63)
	at org.springframework.test.context.TestContextManager.prepareTestInstance(TestContextManager.java:260)
	at org.springframework.test.context.junit.jupiter.SpringExtension.postProcessTestInstance(SpringExtension.java:163)
	at org.junit.jupiter.engine.descriptor.ClassBasedTestDescriptor.lambda$invokeTestInstancePostProcessors$10(ClassBasedTestDescriptor.java:378)
	at org.junit.jupiter.engine.descriptor.ClassBasedTestDescriptor.executeAndMaskThrowable(ClassBasedTestDescriptor.java:383)
	at org.junit.jupiter.engine.descriptor.ClassBasedTestDescriptor.lambda$invokeTestInstancePostProcessors$11(ClassBasedTestDescriptor.java:378)
	at java.base/java.util.stream.ReferencePipeline$3$1.accept(ReferencePipeline.java:197)
	at java.base/java.util.stream.ReferencePipeline$2$1.accept(ReferencePipeline.java:179)
	at java.base/java.util.ArrayList$ArrayListSpliterator.forEachRemaining(ArrayList.java:1625)
	at java.base/java.util.stream.AbstractPipeline.copyInto(AbstractPipeline.java:509)
	at java.base/java.util.stream.AbstractPipeline.wrapAndCopyInto(AbstractPipeline.java:499)
	at java.base/java.util.stream.StreamSpliterators$WrappingSpliterator.forEachRemaining(StreamSpliterators.java:310)
	at java.base/java.util.stream.Streams$ConcatSpliterator.forEachRemaining(Streams.java:735)
	at java.base/java.util.stream.Streams$ConcatSpliterator.forEachRemaining(Streams.java:734)
	at java.base/java.util.stream.ReferencePipeline$Head.forEach(ReferencePipeline.java:762)
	at org.junit.jupiter.engine.descriptor.ClassBasedTestDescriptor.invokeTestInstancePostProcessors(ClassBasedTestDescriptor.java:377)
	at org.junit.jupiter.engine.descriptor.ClassBasedTestDescriptor.lambda$instantiateAndPostProcessTestInstance$6(ClassBasedTestDescriptor.java:290)
	at org.junit.platform.engine.support.hierarchical.ThrowableCollector.execute(ThrowableCollector.java:73)
	at org.junit.jupiter.engine.descriptor.ClassBasedTestDescriptor.instantiateAndPostProcessTestInstance(ClassBasedTestDescriptor.java:289)
	at org.junit.jupiter.engine.descriptor.ClassBasedTestDescriptor.lambda$testInstancesProvider$4(ClassBasedTestDescriptor.java:279)
	at java.base/java.util.Optional.orElseGet(Optional.java:364)
	at org.junit.jupiter.engine.descriptor.ClassBasedTestDescriptor.lambda$testInstancesProvider$5(ClassBasedTestDescriptor.java:278)
	at org.junit.jupiter.engine.execution.TestInstancesProvider.getTestInstances(TestInstancesProvider.java:31)
	at org.junit.jupiter.engine.descriptor.TestMethodTestDescriptor.lambda$prepare$0(TestMethodTestDescriptor.java:106)
	at org.junit.platform.engine.support.hierarchical.ThrowableCollector.execute(ThrowableCollector.java:73)
	at org.junit.jupiter.engine.descriptor.TestMethodTestDescriptor.prepare(TestMethodTestDescriptor.java:105)
	at org.junit.jupiter.engine.descriptor.TestMethodTestDescriptor.prepare(TestMethodTestDescriptor.java:69)
	at org.junit.platform.engine.support.hierarchical.NodeTestTask.lambda$prepare$2(NodeTestTask.java:123)
	at org.junit.platform.engine.support.hierarchical.ThrowableCollector.execute(ThrowableCollector.java:73)
	at org.junit.platform.engine.support.hierarchical.NodeTestTask.prepare(NodeTestTask.java:123)
	at org.junit.platform.engine.support.hierarchical.NodeTestTask.execute(NodeTestTask.java:90)
	at java.base/java.util.ArrayList.forEach(ArrayList.java:1511)
	at org.junit.platform.engine.support.hierarchical.SameThreadHierarchicalTestExecutorService.invokeAll(SameThreadHierarchicalTestExecutorService.java:41)
	at org.junit.platform.engine.support.hierarchical.NodeTestTask.lambda$executeRecursively$6(NodeTestTask.java:155)
	at org.junit.platform.engine.support.hierarchical.ThrowableCollector.execute(ThrowableCollector.java:73)
	at org.junit.platform.engine.support.hierarchical.NodeTestTask.lambda$executeRecursively$8(NodeTestTask.java:141)
	at org.junit.platform.engine.support.hierarchical.Node.around(Node.java:137)
	at org.junit.platform.engine.support.hierarchical.NodeTestTask.lambda$executeRecursively$9(NodeTestTask.java:139)
	at org.junit.platform.engine.support.hierarchical.ThrowableCollector.execute(ThrowableCollector.java:73)
	at org.junit.platform.engine.support.hierarchical.NodeTestTask.executeRecursively(NodeTestTask.java:138)
	at org.junit.platform.engine.support.hierarchical.NodeTestTask.execute(NodeTestTask.java:95)
	at java.base/java.util.ArrayList.forEach(ArrayList.java:1511)
	at org.junit.platform.engine.support.hierarchical.SameThreadHierarchicalTestExecutorService.invokeAll(SameThreadHierarchicalTestExecutorService.java:41)
	at org.junit.platform.engine.support.hierarchical.NodeTestTask.lambda$executeRecursively$6(NodeTestTask.java:155)
	at org.junit.platform.engine.support.hierarchical.ThrowableCollector.execute(ThrowableCollector.java:73)
	at org.junit.platform.engine.support.hierarchical.NodeTestTask.lambda$executeRecursively$8(NodeTestTask.java:141)
	at org.junit.platform.engine.support.hierarchical.Node.around(Node.java:137)
	at org.junit.platform.engine.support.hierarchical.NodeTestTask.lambda$executeRecursively$9(NodeTestTask.java:139)
	at org.junit.platform.engine.support.hierarchical.ThrowableCollector.execute(ThrowableCollector.java:73)
	at org.junit.platform.engine.support.hierarchical.NodeTestTask.executeRecursively(NodeTestTask.java:138)
	at org.junit.platform.engine.support.hierarchical.NodeTestTask.execute(NodeTestTask.java:95)
	at org.junit.platform.engine.support.hierarchical.SameThreadHierarchicalTestExecutorService.submit(SameThreadHierarchicalTestExecutorService.java:35)
	at org.junit.platform.engine.support.hierarchical.HierarchicalTestExecutor.execute(HierarchicalTestExecutor.java:57)
	at org.junit.platform.engine.support.hierarchical.HierarchicalTestEngine.execute(HierarchicalTestEngine.java:54)
	at org.junit.platform.launcher.core.EngineExecutionOrchestrator.execute(EngineExecutionOrchestrator.java:198)
	at org.junit.platform.launcher.core.EngineExecutionOrchestrator.execute(EngineExecutionOrchestrator.java:169)
	at org.junit.platform.launcher.core.EngineExecutionOrchestrator.execute(EngineExecutionOrchestrator.java:93)
	at org.junit.platform.launcher.core.EngineExecutionOrchestrator.lambda$execute$0(EngineExecutionOrchestrator.java:58)
	at org.junit.platform.launcher.core.EngineExecutionOrchestrator.withInterceptedStreams(EngineExecutionOrchestrator.java:141)
	at org.junit.platform.launcher.core.EngineExecutionOrchestrator.execute(EngineExecutionOrchestrator.java:57)
	at org.junit.platform.launcher.core.DefaultLauncher.execute(DefaultLauncher.java:103)
	at org.junit.platform.launcher.core.DefaultLauncher.execute(DefaultLauncher.java:85)
	at org.junit.platform.launcher.core.DelegatingLauncher.execute(DelegatingLauncher.java:47)
	at org.apache.maven.surefire.junitplatform.LazyLauncher.execute(LazyLauncher.java:56)
	at org.apache.maven.surefire.junitplatform.JUnitPlatformProvider.execute(JUnitPlatformProvider.java:184)
	at org.apache.maven.surefire.junitplatform.JUnitPlatformProvider.invokeAllTests(JUnitPlatformProvider.java:148)
	at org.apache.maven.surefire.junitplatform.JUnitPlatformProvider.invoke(JUnitPlatformProvider.java:122)
	at org.apache.maven.surefire.booter.ForkedBooter.runSuitesInProcess(ForkedBooter.java:385)
	at org.apache.maven.surefire.booter.ForkedBooter.execute(ForkedBooter.java:162)
	at org.apache.maven.surefire.booter.ForkedBooter.run(ForkedBooter.java:507)
	at org.apache.maven.surefire.booter.ForkedBooter.main(ForkedBooter.java:495)
Caused by: org.springframework.beans.factory.UnsatisfiedDependencyException: Error creating bean with name 'jwtAuthenticationFilter' defined in file [/Users/nauman/Documents/Repositories/monolithic-springboot/app-service/target/classes/org/nauman/app/security/filters/JwtAuthenticationFilter.class]: Unsatisfied dependency expressed through constructor parameter 0: No qualifying bean of type 'org.springframework.security.authentication.AuthenticationManager' available: expected at least 1 bean which qualifies as autowire candidate. Dependency annotations: {}
	at org.springframework.beans.factory.support.ConstructorResolver.createArgumentArray(ConstructorResolver.java:795)
	at org.springframework.beans.factory.support.ConstructorResolver.autowireConstructor(ConstructorResolver.java:237)
	at org.springframework.beans.factory.support.AbstractAutowireCapableBeanFactory.autowireConstructor(AbstractAutowireCapableBeanFactory.java:1355)
	at org.springframework.beans.factory.support.AbstractAutowireCapableBeanFactory.createBeanInstance(AbstractAutowireCapableBeanFactory.java:1192)
	at org.springframework.beans.factory.support.AbstractAutowireCapableBeanFactory.doCreateBean(AbstractAutowireCapableBeanFactory.java:562)
	at org.springframework.beans.factory.support.AbstractAutowireCapableBeanFactory.createBean(AbstractAutowireCapableBeanFactory.java:522)
	at org.springframework.beans.factory.support.AbstractBeanFactory.lambda$doGetBean$0(AbstractBeanFactory.java:326)
	at org.springframework.beans.factory.support.DefaultSingletonBeanRegistry.getSingleton(DefaultSingletonBeanRegistry.java:234)
	at org.springframework.beans.factory.support.AbstractBeanFactory.doGetBean(AbstractBeanFactory.java:324)
	at org.springframework.beans.factory.support.AbstractBeanFactory.getBean(AbstractBeanFactory.java:200)
	at org.springframework.beans.factory.support.DefaultListableBeanFactory.preInstantiateSingletons(DefaultListableBeanFactory.java:975)
	at org.springframework.context.support.AbstractApplicationContext.finishBeanFactoryInitialization(AbstractApplicationContext.java:962)
	at org.springframework.context.support.AbstractApplicationContext.refresh(AbstractApplicationContext.java:624)
	at org.springframework.boot.SpringApplication.refresh(SpringApplication.java:754)
	at org.springframework.boot.SpringApplication.refreshContext(SpringApplication.java:456)
	at org.springframework.boot.SpringApplication.run(SpringApplication.java:334)
	at org.springframework.boot.test.context.SpringBootContextLoader.lambda$loadContext$3(SpringBootContextLoader.java:137)
	at org.springframework.util.function.ThrowingSupplier.get(ThrowingSupplier.java:58)
	at org.springframework.util.function.ThrowingSupplier.get(ThrowingSupplier.java:46)
	at org.springframework.boot.SpringApplication.withHook(SpringApplication.java:1454)
	at org.springframework.boot.test.context.SpringBootContextLoader$ContextLoaderHook.run(SpringBootContextLoader.java:553)
	at org.springframework.boot.test.context.SpringBootContextLoader.loadContext(SpringBootContextLoader.java:137)
	at org.springframework.boot.test.context.SpringBootContextLoader.loadContext(SpringBootContextLoader.java:108)
	at org.springframework.test.context.cache.DefaultCacheAwareContextLoaderDelegate.loadContextInternal(DefaultCacheAwareContextLoaderDelegate.java:225)
	at org.springframework.test.context.cache.DefaultCacheAwareContextLoaderDelegate.loadContext(DefaultCacheAwareContextLoaderDelegate.java:152)
	... 74 common frames omitted
Caused by: org.springframework.beans.factory.NoSuchBeanDefinitionException: No qualifying bean of type 'org.springframework.security.authentication.AuthenticationManager' available: expected at least 1 bean which qualifies as autowire candidate. Dependency annotations: {}
	at org.springframework.beans.factory.support.DefaultListableBeanFactory.raiseNoMatchingBeanFound(DefaultListableBeanFactory.java:1880)
	at org.springframework.beans.factory.support.DefaultListableBeanFactory.doResolveDependency(DefaultListableBeanFactory.java:1406)
	at org.springframework.beans.factory.support.DefaultListableBeanFactory.resolveDependency(DefaultListableBeanFactory.java:1353)
	at org.springframework.beans.factory.support.ConstructorResolver.resolveAutowiredArgument(ConstructorResolver.java:904)
	at org.springframework.beans.factory.support.ConstructorResolver.createArgumentArray(ConstructorResolver.java:782)
	... 98 common frames omitted
]]></system-out>
    <system-err><![CDATA[


============================
CONDITIONS EVALUATION REPORT
============================


Positive matches:
-----------------

    None


Negative matches:
-----------------

    None


Exclusions:
-----------

    None


Unconditional classes:
----------------------

    None



]]></system-err>
  </testcase>
</testsuite>