<?xml version="1.0" encoding="UTF-8"?>
<testsuite xmlns:xsi="http://www.w3.org/2001/XMLSchema-instance" xsi:noNamespaceSchemaLocation="https://maven.apache.org/surefire/maven-surefire-plugin/xsd/surefire-test-report-3.0.xsd" version="3.0" name="org.nauman.app.service.UserServiceTest" time="0.181" tests="1" errors="0" skipped="0" failures="0">
  <properties>
[...]
</properties>
  <testcase name="testGetUserAsSuperUser" classname="org.nauman.app.service.UserServiceTest" time="0.025">
    <system-out><![CDATA[22-07-2024 04:10:36.550 &amp#27;[35m[main]&amp#27;[0;39m &amp#27;[39mTRACE&amp#27;[0;39m o.s.test.context.BootstrapUtils.createCacheAwareContextLoaderDelegate - Instantiating CacheAwareContextLoaderDelegate from class [org.springframework.test.context.cache.DefaultCacheAwareContextLoaderDelegate]
22-07-2024 04:10:36.550 &amp#27;[35m[main]&amp#27;[0;39m &amp#27;[39mTRACE&amp#27;[0;39m o.s.c.i.s.SpringFactoriesLoader.load - Loaded [org.springframework.test.context.ApplicationContextFailureProcessor] names: [org.springframework.boot.test.autoconfigure.ConditionReportApplicationContextFailureProcessor]
22-07-2024 04:10:36.550 &amp#27;[35m[main]&amp#27;[0;39m &amp#27;[39mTRACE&amp#27;[0;39m o.s.t.c.u.TestContextSpringFactoriesUtils.loadFactoryImplementations - Loaded ApplicationContextFailureProcessor implementations from location [META-INF/spring.factories]: [org.springframework.boot.test.autoconfigure.ConditionReportApplicationContextFailureProcessor]
22-07-2024 04:10:36.551 &amp#27;[35m[main]&amp#27;[0;39m &amp#27;[39mTRACE&amp#27;[0;39m o.s.test.context.BootstrapUtils.createBootstrapContext - Instantiating BootstrapContext using constructor [public org.springframework.test.context.support.DefaultBootstrapContext(java.lang.Class,org.springframework.test.context.CacheAwareContextLoaderDelegate)]
22-07-2024 04:10:36.551 &amp#27;[35m[main]&amp#27;[0;39m &amp#27;[39mTRACE&amp#27;[0;39m o.s.test.context.BootstrapUtils.resolveTestContextBootstrapper - Instantiating TestContextBootstrapper for test class [org.nauman.app.service.UserServiceTest] from class [org.springframework.test.context.support.DefaultTestContextBootstrapper]
22-07-2024 04:10:36.551 &amp#27;[35m[main]&amp#27;[0;39m &amp#27;[39mTRACE&amp#27;[0;39m o.s.t.c.s.DefaultTestContextBootstrapper.resolveExplicitContextLoaderClass - Resolving ContextLoader for context configuration attributes [ContextConfigurationAttributes@25f0c5e7 declaringClass = org.nauman.app.service.UserServiceTest, classes = [], locations = [], inheritLocations = false, initializers = [], inheritInitializers = true, name = null, contextLoaderClass = org.springframework.test.context.ContextLoader]
22-07-2024 04:10:36.552 &amp#27;[35m[main]&amp#27;[0;39m &amp#27;[39mTRACE&amp#27;[0;39m o.s.t.c.s.DefaultTestContextBootstrapper.resolveContextLoader - Using ContextLoader class [org.springframework.test.context.support.DelegatingSmartContextLoader] for test class [org.nauman.app.service.UserServiceTest]
22-07-2024 04:10:36.553 &amp#27;[35m[main]&amp#27;[0;39m &amp#27;[39mTRACE&amp#27;[0;39m o.s.t.c.s.DefaultTestContextBootstrapper.buildDefaultMergedContextConfiguration - Neither @ContextConfiguration nor @ContextHierarchy found for test class [org.nauman.app.service.UserServiceTest]: using org.springframework.test.context.support.DelegatingSmartContextLoader
22-07-2024 04:10:36.553 &amp#27;[35m[main]&amp#27;[0;39m &amp#27;[39mTRACE&amp#27;[0;39m o.s.t.c.s.DefaultTestContextBootstrapper.resolveExplicitContextLoaderClass - Resolving ContextLoader for context configuration attributes [ContextConfigurationAttributes@25f0c5e7 declaringClass = org.nauman.app.service.UserServiceTest, classes = [], locations = [], inheritLocations = false, initializers = [], inheritInitializers = true, name = null, contextLoaderClass = org.springframework.test.context.ContextLoader]
22-07-2024 04:10:36.553 &amp#27;[35m[main]&amp#27;[0;39m &amp#27;[39mTRACE&amp#27;[0;39m o.s.t.c.s.DefaultTestContextBootstrapper.resolveContextLoader - Using ContextLoader class [org.springframework.test.context.support.DelegatingSmartContextLoader] for test class [org.nauman.app.service.UserServiceTest]
22-07-2024 04:10:36.553 &amp#27;[35m[main]&amp#27;[0;39m &amp#27;[39mTRACE&amp#27;[0;39m o.s.t.c.s.DefaultTestContextBootstrapper.buildMergedContextConfiguration - Processing locations and classes for context configuration attributes [ContextConfigurationAttributes@25f0c5e7 declaringClass = org.nauman.app.service.UserServiceTest, classes = [], locations = [], inheritLocations = false, initializers = [], inheritInitializers = true, name = null, contextLoaderClass = org.springframework.test.context.ContextLoader]
22-07-2024 04:10:36.554 &amp#27;[35m[main]&amp#27;[0;39m &amp#27;[39mTRACE&amp#27;[0;39m o.s.t.c.s.AbstractDelegatingSmartContextLoader.delegateProcessing - Delegating to GenericXmlContextLoader to process context configuration [ContextConfigurationAttributes@25f0c5e7 declaringClass = org.nauman.app.service.UserServiceTest, classes = [], locations = [], inheritLocations = false, initializers = [], inheritInitializers = true, name = null, contextLoaderClass = org.springframework.test.context.ContextLoader]
22-07-2024 04:10:36.555 &amp#27;[35m[main]&amp#27;[0;39m &amp#27;[39mTRACE&amp#27;[0;39m o.s.t.c.s.AbstractContextLoader.generateDefaultLocations - Did not detect default resource location for test class [org.nauman.app.service.UserServiceTest]: class path resource [org/nauman/app/service/UserServiceTest-context.xml] does not exist
22-07-2024 04:10:36.555 &amp#27;[35m[main]&amp#27;[0;39m &amp#27;[39mDEBUG&amp#27;[0;39m o.s.t.c.s.AbstractContextLoader.generateDefaultLocations - Could not detect default resource locations for test class [org.nauman.app.service.UserServiceTest]: no resource found for suffixes {-context.xml}.
22-07-2024 04:10:36.556 &amp#27;[35m[main]&amp#27;[0;39m &amp#27;[39mTRACE&amp#27;[0;39m o.s.t.c.s.AbstractDelegatingSmartContextLoader.delegateProcessing - Delegating to AnnotationConfigContextLoader to process context configuration [ContextConfigurationAttributes@25f0c5e7 declaringClass = org.nauman.app.service.UserServiceTest, classes = [], locations = [], inheritLocations = false, initializers = [], inheritInitializers = true, name = null, contextLoaderClass = org.springframework.test.context.ContextLoader]
22-07-2024 04:10:36.556 &amp#27;[35m[main]&amp#27;[0;39m &amp#27;[34mINFO &amp#27;[0;39m o.s.t.c.s.AnnotationConfigContextLoaderUtils.detectDefaultConfigurationClasses - Could not detect default configuration classes for test class [org.nauman.app.service.UserServiceTest]: UserServiceTest does not declare any static, non-private, non-final, nested classes annotated with @Configuration.
22-07-2024 04:10:36.557 &amp#27;[35m[main]&amp#27;[0;39m &amp#27;[39mTRACE&amp#27;[0;39m o.s.t.c.s.DefaultTestContextBootstrapper.getContextCustomizerFactories - @ContextCustomizerFactories is not present for class [org.nauman.app.service.UserServiceTest]
22-07-2024 04:10:36.557 &amp#27;[35m[main]&amp#27;[0;39m &amp#27;[39mTRACE&amp#27;[0;39m o.s.c.i.s.SpringFactoriesLoader.load - Loaded [org.springframework.test.context.ContextCustomizerFactory] names: [org.springframework.boot.test.context.ImportsContextCustomizerFactory, org.springframework.boot.test.context.filter.ExcludeFilterContextCustomizerFactory, org.springframework.boot.test.graphql.tester.HttpGraphQlTesterContextCustomizerFactory, org.springframework.boot.test.json.DuplicateJsonObjectContextCustomizerFactory, org.springframework.boot.test.mock.mockito.MockitoContextCustomizerFactory, org.springframework.boot.test.web.client.TestRestTemplateContextCustomizerFactory, org.springframework.boot.test.web.reactive.server.WebTestClientContextCustomizerFactory, org.springframework.boot.test.autoconfigure.OverrideAutoConfigurationContextCustomizerFactory, org.springframework.boot.test.autoconfigure.actuate.observability.ObservabilityContextCustomizerFactory, org.springframework.boot.test.autoconfigure.filter.TypeExcludeFiltersContextCustomizerFactory, org.springframework.boot.test.autoconfigure.properties.PropertyMappingContextCustomizerFactory, org.springframework.boot.test.autoconfigure.web.servlet.WebDriverContextCustomizerFactory, org.springframework.test.context.web.socket.MockServerContainerContextCustomizerFactory, org.springframework.test.context.support.DynamicPropertiesContextCustomizerFactory]
22-07-2024 04:10:36.557 &amp#27;[35m[main]&amp#27;[0;39m &amp#27;[39mTRACE&amp#27;[0;39m o.s.t.c.u.TestContextSpringFactoriesUtils.loadFactoryImplementations - Loaded ContextCustomizerFactory implementations from location [META-INF/spring.factories]: [org.springframework.boot.test.context.ImportsContextCustomizerFactory, org.springframework.boot.test.context.filter.ExcludeFilterContextCustomizerFactory, org.springframework.boot.test.graphql.tester.HttpGraphQlTesterContextCustomizerFactory, org.springframework.boot.test.json.DuplicateJsonObjectContextCustomizerFactory, org.springframework.boot.test.mock.mockito.MockitoContextCustomizerFactory, org.springframework.boot.test.web.client.TestRestTemplateContextCustomizerFactory, org.springframework.boot.test.web.reactive.server.WebTestClientContextCustomizerFactory, org.springframework.boot.test.autoconfigure.OverrideAutoConfigurationContextCustomizerFactory, org.springframework.boot.test.autoconfigure.actuate.observability.ObservabilityContextCustomizerFactory, org.springframework.boot.test.autoconfigure.filter.TypeExcludeFiltersContextCustomizerFactory, org.springframework.boot.test.autoconfigure.properties.PropertyMappingContextCustomizerFactory, org.springframework.boot.test.autoconfigure.web.servlet.WebDriverContextCustomizerFactory, org.springframework.test.context.web.socket.MockServerContainerContextCustomizerFactory, org.springframework.test.context.support.DynamicPropertiesContextCustomizerFactory]
22-07-2024 04:10:36.558 &amp#27;[35m[main]&amp#27;[0;39m &amp#27;[39mTRACE&amp#27;[0;39m o.s.t.c.s.DefaultTestContextBootstrapper.getContextCustomizerFactories - Using ContextCustomizerFactory implementations for test class [org.nauman.app.service.UserServiceTest]: [org.springframework.boot.test.context.ImportsContextCustomizerFactory@f559c74, org.springframework.boot.test.context.filter.ExcludeFilterContextCustomizerFactory@63917fe1, org.springframework.boot.test.graphql.tester.HttpGraphQlTesterContextCustomizerFactory@720f56e2, org.springframework.boot.test.json.DuplicateJsonObjectContextCustomizerFactory@677349fb, org.springframework.boot.test.mock.mockito.MockitoContextCustomizerFactory@4466cf5d, org.springframework.boot.test.web.client.TestRestTemplateContextCustomizerFactory@2c60ce47, org.springframework.boot.test.web.reactive.server.WebTestClientContextCustomizerFactory@2450256f, org.springframework.boot.test.autoconfigure.OverrideAutoConfigurationContextCustomizerFactory@59918c8f, org.springframework.boot.test.autoconfigure.actuate.observability.ObservabilityContextCustomizerFactory@2b7facc7, org.springframework.boot.test.autoconfigure.filter.TypeExcludeFiltersContextCustomizerFactory@1c74d19, org.springframework.boot.test.autoconfigure.properties.PropertyMappingContextCustomizerFactory@24197b13, org.springframework.boot.test.autoconfigure.web.servlet.WebDriverContextCustomizerFactory@71b97eeb, org.springframework.test.context.web.socket.MockServerContainerContextCustomizerFactory@2776fd8f, org.springframework.test.context.support.DynamicPropertiesContextCustomizerFactory@1c62c3fd]
22-07-2024 04:10:36.558 &amp#27;[35m[main]&amp#27;[0;39m &amp#27;[39mTRACE&amp#27;[0;39m o.s.t.c.s.DefaultTestContextBootstrapper.getContextCustomizers - Using ContextCustomizers for test class [org.nauman.app.service.UserServiceTest]: [org.springframework.boot.test.context.filter.ExcludeFilterContextCustomizer@d23e042, org.springframework.boot.test.json.DuplicateJsonObjectContextCustomizerFactory$DuplicateJsonObjectContextCustomizer@14dd7b39, org.springframework.boot.test.mock.mockito.MockitoContextCustomizer@0, org.springframework.boot.test.autoconfigure.actuate.observability.ObservabilityContextCustomizerFactory$DisableObservabilityContextCustomizer@1f, org.springframework.boot.test.autoconfigure.properties.PropertyMappingContextCustomizer@0, org.springframework.boot.test.autoconfigure.web.servlet.WebDriverContextCustomizer@dc9876b]
22-07-2024 04:10:36.558 &amp#27;[35m[main]&amp#27;[0;39m &amp#27;[39mTRACE&amp#27;[0;39m o.s.t.c.s.ApplicationContextInitializerUtils.resolveInitializerClasses - Processing context initializers for configuration attributes [ContextConfigurationAttributes@25f0c5e7 declaringClass = org.nauman.app.service.UserServiceTest, classes = [], locations = [], inheritLocations = false, initializers = [], inheritInitializers = true, name = null, contextLoaderClass = org.springframework.test.context.ContextLoader]
22-07-2024 04:10:36.559 &amp#27;[35m[main]&amp#27;[0;39m &amp#27;[39mTRACE&amp#27;[0;39m o.s.t.c.support.ActiveProfilesUtils.resolveActiveProfiles - Could not find an 'annotation declaring class' for annotation type [org.springframework.test.context.ActiveProfiles] and class [org.nauman.app.service.UserServiceTest]
22-07-2024 04:10:36.559 &amp#27;[35m[main]&amp#27;[0;39m &amp#27;[39mTRACE&amp#27;[0;39m o.s.t.c.s.DefaultTestContextBootstrapper.getTestExecutionListeners - @TestExecutionListeners is not present for class [org.nauman.app.service.UserServiceTest]: using defaults.
22-07-2024 04:10:36.559 &amp#27;[35m[main]&amp#27;[0;39m &amp#27;[39mTRACE&amp#27;[0;39m o.s.c.i.s.SpringFactoriesLoader.load - Loaded [org.springframework.test.context.TestExecutionListener] names: [org.springframework.boot.test.mock.mockito.MockitoTestExecutionListener, org.springframework.boot.test.mock.mockito.ResetMocksTestExecutionListener, org.springframework.boot.test.autoconfigure.restdocs.RestDocsTestExecutionListener, org.springframework.boot.test.autoconfigure.web.client.MockRestServiceServerResetTestExecutionListener, org.springframework.boot.test.autoconfigure.web.servlet.MockMvcPrintOnlyOnFailureTestExecutionListener, org.springframework.boot.test.autoconfigure.web.servlet.WebDriverTestExecutionListener, org.springframework.boot.test.autoconfigure.webservices.client.MockWebServiceServerTestExecutionListener, org.springframework.test.context.web.ServletTestExecutionListener, org.springframework.test.context.support.DirtiesContextBeforeModesTestExecutionListener, org.springframework.test.context.event.ApplicationEventsTestExecutionListener, org.springframework.test.context.support.DependencyInjectionTestExecutionListener, org.springframework.test.context.observation.MicrometerObservationRegistryTestExecutionListener, org.springframework.test.context.support.DirtiesContextTestExecutionListener, org.springframework.test.context.transaction.TransactionalTestExecutionListener, org.springframework.test.context.jdbc.SqlScriptsTestExecutionListener, org.springframework.test.context.event.EventPublishingTestExecutionListener]
22-07-2024 04:10:36.559 &amp#27;[35m[main]&amp#27;[0;39m &amp#27;[39mDEBUG&amp#27;[0;39m o.s.t.c.u.TestContextSpringFactoriesUtils.handleFailure - Skipping candidate TestExecutionListener [org.springframework.test.context.observation.MicrometerObservationRegistryTestExecutionListener] due to a missing dependency. Specify custom TestExecutionListener classes or make the default TestExecutionListener classes and their required dependencies available. Offending class: io.micrometer.context.ThreadLocalAccessor. MicrometerObservationRegistryTestExecutionListener requires io.micrometer:micrometer-observation:1.10.8 or higher and io.micrometer:context-propagation:1.0.3 or higher.
22-07-2024 04:10:36.559 &amp#27;[35m[main]&amp#27;[0;39m &amp#27;[39mTRACE&amp#27;[0;39m o.s.t.c.u.TestContextSpringFactoriesUtils.loadFactoryImplementations - Loaded TestExecutionListener implementations from location [META-INF/spring.factories]: [org.springframework.test.context.web.ServletTestExecutionListener, org.springframework.test.context.support.DirtiesContextBeforeModesTestExecutionListener, org.springframework.test.context.event.ApplicationEventsTestExecutionListener, org.springframework.boot.test.mock.mockito.MockitoTestExecutionListener, org.springframework.test.context.support.DependencyInjectionTestExecutionListener, org.springframework.test.context.support.DirtiesContextTestExecutionListener, org.springframework.test.context.transaction.TransactionalTestExecutionListener, org.springframework.test.context.jdbc.SqlScriptsTestExecutionListener, org.springframework.test.context.event.EventPublishingTestExecutionListener, org.springframework.boot.test.mock.mockito.ResetMocksTestExecutionListener, org.springframework.boot.test.autoconfigure.restdocs.RestDocsTestExecutionListener, org.springframework.boot.test.autoconfigure.web.client.MockRestServiceServerResetTestExecutionListener, org.springframework.boot.test.autoconfigure.web.servlet.MockMvcPrintOnlyOnFailureTestExecutionListener, org.springframework.boot.test.autoconfigure.web.servlet.WebDriverTestExecutionListener, org.springframework.boot.test.autoconfigure.webservices.client.MockWebServiceServerTestExecutionListener]
22-07-2024 04:10:36.559 &amp#27;[35m[main]&amp#27;[0;39m &amp#27;[39mTRACE&amp#27;[0;39m o.s.t.c.s.DefaultTestContextBootstrapper.getTestExecutionListeners - Using TestExecutionListeners for test class [org.nauman.app.service.UserServiceTest]: [org.springframework.test.context.web.ServletTestExecutionListener@7f2b39a, org.springframework.test.context.support.DirtiesContextBeforeModesTestExecutionListener@7a358613, org.springframework.test.context.event.ApplicationEventsTestExecutionListener@760f1081, org.springframework.boot.test.mock.mockito.MockitoTestExecutionListener@52621501, org.springframework.test.context.support.DependencyInjectionTestExecutionListener@401e02b4, org.springframework.test.context.support.DirtiesContextTestExecutionListener@164d01ba, org.springframework.test.context.transaction.TransactionalTestExecutionListener@18c880ea, org.springframework.test.context.jdbc.SqlScriptsTestExecutionListener@5ac044ef, org.springframework.test.context.event.EventPublishingTestExecutionListener@6afbe6a1, org.springframework.boot.test.mock.mockito.ResetMocksTestExecutionListener@14457a95, org.springframework.boot.test.autoconfigure.restdocs.RestDocsTestExecutionListener@48567727, org.springframework.boot.test.autoconfigure.web.client.MockRestServiceServerResetTestExecutionListener@10e9a5fe, org.springframework.boot.test.autoconfigure.web.servlet.MockMvcPrintOnlyOnFailureTestExecutionListener@259287ac, org.springframework.boot.test.autoconfigure.web.servlet.WebDriverTestExecutionListener@1abcd059, org.springframework.boot.test.autoconfigure.webservices.client.MockWebServiceServerTestExecutionListener@61a87366]
22-07-2024 04:10:36.559 &amp#27;[35m[main]&amp#27;[0;39m &amp#27;[39mTRACE&amp#27;[0;39m o.s.test.context.TestContextManager.registerTestExecutionListeners - Registering TestExecutionListener: org.springframework.test.context.web.ServletTestExecutionListener
22-07-2024 04:10:36.559 &amp#27;[35m[main]&amp#27;[0;39m &amp#27;[39mTRACE&amp#27;[0;39m o.s.test.context.TestContextManager.registerTestExecutionListeners - Registering TestExecutionListener: org.springframework.test.context.support.DirtiesContextBeforeModesTestExecutionListener
22-07-2024 04:10:36.560 &amp#27;[35m[main]&amp#27;[0;39m &amp#27;[39mTRACE&amp#27;[0;39m o.s.test.context.TestContextManager.registerTestExecutionListeners - Registering TestExecutionListener: org.springframework.test.context.event.ApplicationEventsTestExecutionListener
22-07-2024 04:10:36.560 &amp#27;[35m[main]&amp#27;[0;39m &amp#27;[39mTRACE&amp#27;[0;39m o.s.test.context.TestContextManager.registerTestExecutionListeners - Registering TestExecutionListener: org.springframework.boot.test.mock.mockito.MockitoTestExecutionListener
22-07-2024 04:10:36.560 &amp#27;[35m[main]&amp#27;[0;39m &amp#27;[39mTRACE&amp#27;[0;39m o.s.test.context.TestContextManager.registerTestExecutionListeners - Registering TestExecutionListener: org.springframework.test.context.support.DependencyInjectionTestExecutionListener
22-07-2024 04:10:36.560 &amp#27;[35m[main]&amp#27;[0;39m &amp#27;[39mTRACE&amp#27;[0;39m o.s.test.context.TestContextManager.registerTestExecutionListeners - Registering TestExecutionListener: org.springframework.test.context.support.DirtiesContextTestExecutionListener
22-07-2024 04:10:36.560 &amp#27;[35m[main]&amp#27;[0;39m &amp#27;[39mTRACE&amp#27;[0;39m o.s.test.context.TestContextManager.registerTestExecutionListeners - Registering TestExecutionListener: org.springframework.test.context.transaction.TransactionalTestExecutionListener
22-07-2024 04:10:36.560 &amp#27;[35m[main]&amp#27;[0;39m &amp#27;[39mTRACE&amp#27;[0;39m o.s.test.context.TestContextManager.registerTestExecutionListeners - Registering TestExecutionListener: org.springframework.test.context.jdbc.SqlScriptsTestExecutionListener
22-07-2024 04:10:36.560 &amp#27;[35m[main]&amp#27;[0;39m &amp#27;[39mTRACE&amp#27;[0;39m o.s.test.context.TestContextManager.registerTestExecutionListeners - Registering TestExecutionListener: org.springframework.test.context.event.EventPublishingTestExecutionListener
22-07-2024 04:10:36.560 &amp#27;[35m[main]&amp#27;[0;39m &amp#27;[39mTRACE&amp#27;[0;39m o.s.test.context.TestContextManager.registerTestExecutionListeners - Registering TestExecutionListener: org.springframework.boot.test.mock.mockito.ResetMocksTestExecutionListener
22-07-2024 04:10:36.560 &amp#27;[35m[main]&amp#27;[0;39m &amp#27;[39mTRACE&amp#27;[0;39m o.s.test.context.TestContextManager.registerTestExecutionListeners - Registering TestExecutionListener: org.springframework.boot.test.autoconfigure.restdocs.RestDocsTestExecutionListener
22-07-2024 04:10:36.560 &amp#27;[35m[main]&amp#27;[0;39m &amp#27;[39mTRACE&amp#27;[0;39m o.s.test.context.TestContextManager.registerTestExecutionListeners - Registering TestExecutionListener: org.springframework.boot.test.autoconfigure.web.client.MockRestServiceServerResetTestExecutionListener
22-07-2024 04:10:36.560 &amp#27;[35m[main]&amp#27;[0;39m &amp#27;[39mTRACE&amp#27;[0;39m o.s.test.context.TestContextManager.registerTestExecutionListeners - Registering TestExecutionListener: org.springframework.boot.test.autoconfigure.web.servlet.MockMvcPrintOnlyOnFailureTestExecutionListener
22-07-2024 04:10:36.560 &amp#27;[35m[main]&amp#27;[0;39m &amp#27;[39mTRACE&amp#27;[0;39m o.s.test.context.TestContextManager.registerTestExecutionListeners - Registering TestExecutionListener: org.springframework.boot.test.autoconfigure.web.servlet.WebDriverTestExecutionListener
22-07-2024 04:10:36.560 &amp#27;[35m[main]&amp#27;[0;39m &amp#27;[39mTRACE&amp#27;[0;39m o.s.test.context.TestContextManager.registerTestExecutionListeners - Registering TestExecutionListener: org.springframework.boot.test.autoconfigure.webservices.client.MockWebServiceServerTestExecutionListener
22-07-2024 04:10:36.560 &amp#27;[35m[main]&amp#27;[0;39m &amp#27;[39mTRACE&amp#27;[0;39m o.s.test.context.TestContextManager.beforeTestClass - beforeTestClass(): class [org.nauman.app.service.UserServiceTest]
22-07-2024 04:10:36.561 &amp#27;[35m[main]&amp#27;[0;39m &amp#27;[39mTRACE&amp#27;[0;39m o.s.t.c.s.DirtiesContextBeforeModesTestExecutionListener.beforeOrAfterTestClass - Before test class: context [DefaultTestContext@3c33fcf8 testClass = org.nauman.app.service.UserServiceTest, testInstance = null, testMethod = null, testException = null, mergedContextConfiguration = [MergedContextConfiguration@dada335 testClass = org.nauman.app.service.UserServiceTest, locations = [], classes = [], contextInitializerClasses = [], activeProfiles = [], propertySourceDescriptors = [], propertySourceProperties = [], contextCustomizers = [org.springframework.boot.test.context.filter.ExcludeFilterContextCustomizer@d23e042, org.springframework.boot.test.json.DuplicateJsonObjectContextCustomizerFactory$DuplicateJsonObjectContextCustomizer@14dd7b39, org.springframework.boot.test.mock.mockito.MockitoContextCustomizer@0, org.springframework.boot.test.autoconfigure.actuate.observability.ObservabilityContextCustomizerFactory$DisableObservabilityContextCustomizer@1f, org.springframework.boot.test.autoconfigure.properties.PropertyMappingContextCustomizer@0, org.springframework.boot.test.autoconfigure.web.servlet.WebDriverContextCustomizer@dc9876b], contextLoader = org.springframework.test.context.support.DelegatingSmartContextLoader, parent = null], attributes = {}], class annotated with @DirtiesContext [false] with mode [null]
22-07-2024 04:10:36.561 &amp#27;[35m[main]&amp#27;[0;39m &amp#27;[39mTRACE&amp#27;[0;39m o.s.test.context.TestContextManager.prepareTestInstance - prepareTestInstance(): instance [org.nauman.app.service.UserServiceTest@716f94c1]
22-07-2024 04:10:36.691 &amp#27;[35m[main]&amp#27;[0;39m &amp#27;[39mTRACE&amp#27;[0;39m o.s.t.c.s.DependencyInjectionTestExecutionListener.prepareTestInstance - Performing dependency injection for test context [DefaultTestContext@3c33fcf8 testClass = org.nauman.app.service.UserServiceTest, testInstance = org.nauman.app.service.UserServiceTest@716f94c1, testMethod = null, testException = null, mergedContextConfiguration = [MergedContextConfiguration@dada335 testClass = org.nauman.app.service.UserServiceTest, locations = [], classes = [], contextInitializerClasses = [], activeProfiles = [], propertySourceDescriptors = [], propertySourceProperties = [], contextCustomizers = [org.springframework.boot.test.context.filter.ExcludeFilterContextCustomizer@d23e042, org.springframework.boot.test.json.DuplicateJsonObjectContextCustomizerFactory$DuplicateJsonObjectContextCustomizer@14dd7b39, org.springframework.boot.test.mock.mockito.MockitoContextCustomizer@0, org.springframework.boot.test.autoconfigure.actuate.observability.ObservabilityContextCustomizerFactory$DisableObservabilityContextCustomizer@1f, org.springframework.boot.test.autoconfigure.properties.PropertyMappingContextCustomizer@0, org.springframework.boot.test.autoconfigure.web.servlet.WebDriverContextCustomizer@dc9876b], contextLoader = org.springframework.test.context.support.DelegatingSmartContextLoader, parent = null], attributes = {"org.springframework.test.context.event.ApplicationEventsTestExecutionListener.recordApplicationEvents" -> false, "org.springframework.boot.test.mock.mockito.MockitoTestExecutionListener.mocks" -> org.mockito.internal.configuration.InjectingAnnotationEngine$$Lambda$1035/0x0000007001558868@30517a57}]
22-07-2024 04:10:36.692 &amp#27;[35m[main]&amp#27;[0;39m &amp#27;[39mTRACE&amp#27;[0;39m o.s.t.c.s.AbstractDelegatingSmartContextLoader.loadContext - Delegating to AnnotationConfigContextLoader to load context for [MergedContextConfiguration@dada335 testClass = org.nauman.app.service.UserServiceTest, locations = [], classes = [], contextInitializerClasses = [], activeProfiles = [], propertySourceDescriptors = [], propertySourceProperties = [], contextCustomizers = [org.springframework.boot.test.context.filter.ExcludeFilterContextCustomizer@d23e042, org.springframework.boot.test.json.DuplicateJsonObjectContextCustomizerFactory$DuplicateJsonObjectContextCustomizer@14dd7b39, org.springframework.boot.test.mock.mockito.MockitoContextCustomizer@0, org.springframework.boot.test.autoconfigure.actuate.observability.ObservabilityContextCustomizerFactory$DisableObservabilityContextCustomizer@1f, org.springframework.boot.test.autoconfigure.properties.PropertyMappingContextCustomizer@0, org.springframework.boot.test.autoconfigure.web.servlet.WebDriverContextCustomizer@dc9876b], contextLoader = org.springframework.test.context.support.DelegatingSmartContextLoader, parent = null]
22-07-2024 04:10:36.692 &amp#27;[35m[main]&amp#27;[0;39m &amp#27;[39mTRACE&amp#27;[0;39m o.s.t.c.s.AbstractGenericContextLoader.loadContext - Loading ApplicationContext for [MergedContextConfiguration@dada335 testClass = org.nauman.app.service.UserServiceTest, locations = [], classes = [], contextInitializerClasses = [], activeProfiles = [], propertySourceDescriptors = [], propertySourceProperties = [], contextCustomizers = [org.springframework.boot.test.context.filter.ExcludeFilterContextCustomizer@d23e042, org.springframework.boot.test.json.DuplicateJsonObjectContextCustomizerFactory$DuplicateJsonObjectContextCustomizer@14dd7b39, org.springframework.boot.test.mock.mockito.MockitoContextCustomizer@0, org.springframework.boot.test.autoconfigure.actuate.observability.ObservabilityContextCustomizerFactory$DisableObservabilityContextCustomizer@1f, org.springframework.boot.test.autoconfigure.properties.PropertyMappingContextCustomizer@0, org.springframework.boot.test.autoconfigure.web.servlet.WebDriverContextCustomizer@dc9876b], contextLoader = org.springframework.test.context.support.DelegatingSmartContextLoader, parent = null]
22-07-2024 04:10:36.692 &amp#27;[35m[main]&amp#27;[0;39m &amp#27;[39mDEBUG&amp#27;[0;39m o.s.core.env.StandardEnvironment.setActiveProfiles - Activating profiles []
22-07-2024 04:10:36.692 &amp#27;[35m[main]&amp#27;[0;39m &amp#27;[39mDEBUG&amp#27;[0;39m o.s.t.c.s.AnnotationConfigContextLoader.loadBeanDefinitions - Registering component classes: []
22-07-2024 04:10:36.692 &amp#27;[35m[main]&amp#27;[0;39m &amp#27;[39mTRACE&amp#27;[0;39m o.s.c.e.PropertySourcesPropertyResolver.getProperty - Searching for key 'spring.test.observability.auto-configure' in PropertySource 'systemProperties'
22-07-2024 04:10:36.692 &amp#27;[35m[main]&amp#27;[0;39m &amp#27;[39mTRACE&amp#27;[0;39m o.s.c.e.PropertySourcesPropertyResolver.getProperty - Searching for key 'spring.test.observability.auto-configure' in PropertySource 'systemEnvironment'
22-07-2024 04:10:36.693 &amp#27;[35m[main]&amp#27;[0;39m &amp#27;[39mTRACE&amp#27;[0;39m o.s.c.e.PropertySourcesPropertyResolver.getProperty - Could not find key 'spring.test.observability.auto-configure' in any property source
22-07-2024 04:10:36.693 &amp#27;[35m[main]&amp#27;[0;39m &amp#27;[39mTRACE&amp#27;[0;39m o.s.c.e.PropertySourcesPropertyResolver.getProperty - Searching for key 'spring.test.observability.auto-configure' in PropertySource 'configurationProperties'
22-07-2024 04:10:36.694 &amp#27;[35m[main]&amp#27;[0;39m &amp#27;[39mTRACE&amp#27;[0;39m o.s.c.e.PropertySourcesPropertyResolver.getProperty - Searching for key 'spring.test.observability.auto-configure' in PropertySource 'test'
22-07-2024 04:10:36.694 &amp#27;[35m[main]&amp#27;[0;39m &amp#27;[39mTRACE&amp#27;[0;39m o.s.c.e.PropertySourcesPropertyResolver.getProperty - Searching for key 'spring.test.observability.auto-configure' in PropertySource 'systemProperties'
22-07-2024 04:10:36.694 &amp#27;[35m[main]&amp#27;[0;39m &amp#27;[39mTRACE&amp#27;[0;39m o.s.c.e.PropertySourcesPropertyResolver.getProperty - Searching for key 'spring.test.observability.auto-configure' in PropertySource 'systemEnvironment'
22-07-2024 04:10:36.694 &amp#27;[35m[main]&amp#27;[0;39m &amp#27;[39mTRACE&amp#27;[0;39m o.s.c.e.PropertySourcesPropertyResolver.getProperty - Could not find key 'spring.test.observability.auto-configure' in any property source
22-07-2024 04:10:36.695 &amp#27;[35m[main]&amp#27;[0;39m &amp#27;[39mTRACE&amp#27;[0;39m o.s.c.s.GenericApplicationContext.prepareRefresh - Refreshing org.springframework.context.support.GenericApplicationContext@79ad1774, started on Mon Jul 22 04:10:36 PKT 2024
22-07-2024 04:10:36.695 &amp#27;[35m[main]&amp#27;[0;39m &amp#27;[39mDEBUG&amp#27;[0;39m o.s.b.f.s.DefaultListableBeanFactory.getSingleton - Creating shared instance of singleton bean 'org.springframework.context.annotation.internalConfigurationAnnotationProcessor'
22-07-2024 04:10:36.695 &amp#27;[35m[main]&amp#27;[0;39m &amp#27;[39mTRACE&amp#27;[0;39m o.s.b.f.s.DefaultListableBeanFactory.createBean - Creating instance of bean 'org.springframework.context.annotation.internalConfigurationAnnotationProcessor'
22-07-2024 04:10:36.695 &amp#27;[35m[main]&amp#27;[0;39m &amp#27;[39mTRACE&amp#27;[0;39m o.s.b.f.s.DefaultListableBeanFactory.doCreateBean - Eagerly caching bean 'org.springframework.context.annotation.internalConfigurationAnnotationProcessor' to allow for resolving potential circular references
22-07-2024 04:10:36.695 &amp#27;[35m[main]&amp#27;[0;39m &amp#27;[39mTRACE&amp#27;[0;39m o.s.b.f.s.DefaultListableBeanFactory.createBean - Finished creating instance of bean 'org.springframework.context.annotation.internalConfigurationAnnotationProcessor'
22-07-2024 04:10:36.695 &amp#27;[35m[main]&amp#27;[0;39m &amp#27;[39mDEBUG&amp#27;[0;39m o.s.b.f.s.DefaultListableBeanFactory.getSingleton - Creating shared instance of singleton bean 'org.springframework.boot.test.mock.mockito.MockitoPostProcessor'
22-07-2024 04:10:36.696 &amp#27;[35m[main]&amp#27;[0;39m &amp#27;[39mTRACE&amp#27;[0;39m o.s.b.f.s.DefaultListableBeanFactory.createBean - Creating instance of bean 'org.springframework.boot.test.mock.mockito.MockitoPostProcessor'
22-07-2024 04:10:36.696 &amp#27;[35m[main]&amp#27;[0;39m &amp#27;[39mTRACE&amp#27;[0;39m o.s.b.f.s.DefaultListableBeanFactory.doCreateBean - Eagerly caching bean 'org.springframework.boot.test.mock.mockito.MockitoPostProcessor' to allow for resolving potential circular references
22-07-2024 04:10:36.696 &amp#27;[35m[main]&amp#27;[0;39m &amp#27;[39mTRACE&amp#27;[0;39m o.s.b.f.s.DefaultListableBeanFactory.createBean - Finished creating instance of bean 'org.springframework.boot.test.mock.mockito.MockitoPostProcessor'
22-07-2024 04:10:36.696 &amp#27;[35m[main]&amp#27;[0;39m &amp#27;[39mDEBUG&amp#27;[0;39m o.s.b.f.s.DefaultListableBeanFactory.getSingleton - Creating shared instance of singleton bean 'org.springframework.context.event.internalEventListenerProcessor'
22-07-2024 04:10:36.696 &amp#27;[35m[main]&amp#27;[0;39m &amp#27;[39mTRACE&amp#27;[0;39m o.s.b.f.s.DefaultListableBeanFactory.createBean - Creating instance of bean 'org.springframework.context.event.internalEventListenerProcessor'
22-07-2024 04:10:36.696 &amp#27;[35m[main]&amp#27;[0;39m &amp#27;[39mTRACE&amp#27;[0;39m o.s.b.f.s.DefaultListableBeanFactory.doCreateBean - Eagerly caching bean 'org.springframework.context.event.internalEventListenerProcessor' to allow for resolving potential circular references
22-07-2024 04:10:36.696 &amp#27;[35m[main]&amp#27;[0;39m &amp#27;[39mTRACE&amp#27;[0;39m o.s.b.f.s.DefaultListableBeanFactory.createBean - Finished creating instance of bean 'org.springframework.context.event.internalEventListenerProcessor'
22-07-2024 04:10:36.696 &amp#27;[35m[main]&amp#27;[0;39m &amp#27;[39mDEBUG&amp#27;[0;39m o.s.b.f.s.DefaultListableBeanFactory.getSingleton - Creating shared instance of singleton bean 'org.springframework.context.event.internalEventListenerFactory'
22-07-2024 04:10:36.696 &amp#27;[35m[main]&amp#27;[0;39m &amp#27;[39mTRACE&amp#27;[0;39m o.s.b.f.s.DefaultListableBeanFactory.createBean - Creating instance of bean 'org.springframework.context.event.internalEventListenerFactory'
22-07-2024 04:10:36.696 &amp#27;[35m[main]&amp#27;[0;39m &amp#27;[39mTRACE&amp#27;[0;39m o.s.b.f.s.DefaultListableBeanFactory.doCreateBean - Eagerly caching bean 'org.springframework.context.event.internalEventListenerFactory' to allow for resolving potential circular references
22-07-2024 04:10:36.697 &amp#27;[35m[main]&amp#27;[0;39m &amp#27;[39mTRACE&amp#27;[0;39m o.s.b.f.s.DefaultListableBeanFactory.createBean - Finished creating instance of bean 'org.springframework.context.event.internalEventListenerFactory'
22-07-2024 04:10:36.697 &amp#27;[35m[main]&amp#27;[0;39m &amp#27;[39mDEBUG&amp#27;[0;39m o.s.b.f.s.DefaultListableBeanFactory.getSingleton - Creating shared instance of singleton bean 'org.springframework.context.annotation.internalAutowiredAnnotationProcessor'
22-07-2024 04:10:36.697 &amp#27;[35m[main]&amp#27;[0;39m &amp#27;[39mTRACE&amp#27;[0;39m o.s.b.f.s.DefaultListableBeanFactory.createBean - Creating instance of bean 'org.springframework.context.annotation.internalAutowiredAnnotationProcessor'
22-07-2024 04:10:36.697 &amp#27;[35m[main]&amp#27;[0;39m &amp#27;[39mTRACE&amp#27;[0;39m o.s.b.f.a.AutowiredAnnotationBeanPostProcessor.<init> - 'jakarta.inject.Inject' annotation found and supported for autowiring
22-07-2024 04:10:36.697 &amp#27;[35m[main]&amp#27;[0;39m &amp#27;[39mTRACE&amp#27;[0;39m o.s.b.f.s.DefaultListableBeanFactory.doCreateBean - Eagerly caching bean 'org.springframework.context.annotation.internalAutowiredAnnotationProcessor' to allow for resolving potential circular references
22-07-2024 04:10:36.697 &amp#27;[35m[main]&amp#27;[0;39m &amp#27;[39mTRACE&amp#27;[0;39m o.s.b.f.s.DefaultListableBeanFactory.createBean - Finished creating instance of bean 'org.springframework.context.annotation.internalAutowiredAnnotationProcessor'
22-07-2024 04:10:36.697 &amp#27;[35m[main]&amp#27;[0;39m &amp#27;[39mDEBUG&amp#27;[0;39m o.s.b.f.s.DefaultListableBeanFactory.getSingleton - Creating shared instance of singleton bean 'org.springframework.context.annotation.internalCommonAnnotationProcessor'
22-07-2024 04:10:36.697 &amp#27;[35m[main]&amp#27;[0;39m &amp#27;[39mTRACE&amp#27;[0;39m o.s.b.f.s.DefaultListableBeanFactory.createBean - Creating instance of bean 'org.springframework.context.annotation.internalCommonAnnotationProcessor'
22-07-2024 04:10:36.697 &amp#27;[35m[main]&amp#27;[0;39m &amp#27;[39mTRACE&amp#27;[0;39m o.s.b.f.s.DefaultListableBeanFactory.doCreateBean - Eagerly caching bean 'org.springframework.context.annotation.internalCommonAnnotationProcessor' to allow for resolving potential circular references
22-07-2024 04:10:36.697 &amp#27;[35m[main]&amp#27;[0;39m &amp#27;[39mTRACE&amp#27;[0;39m o.s.b.f.s.DefaultListableBeanFactory.createBean - Finished creating instance of bean 'org.springframework.context.annotation.internalCommonAnnotationProcessor'
22-07-2024 04:10:36.697 &amp#27;[35m[main]&amp#27;[0;39m &amp#27;[39mDEBUG&amp#27;[0;39m o.s.b.f.s.DefaultListableBeanFactory.getSingleton - Creating shared instance of singleton bean 'org.springframework.context.annotation.internalPersistenceAnnotationProcessor'
22-07-2024 04:10:36.697 &amp#27;[35m[main]&amp#27;[0;39m &amp#27;[39mTRACE&amp#27;[0;39m o.s.b.f.s.DefaultListableBeanFactory.createBean - Creating instance of bean 'org.springframework.context.annotation.internalPersistenceAnnotationProcessor'
22-07-2024 04:10:36.697 &amp#27;[35m[main]&amp#27;[0;39m &amp#27;[39mTRACE&amp#27;[0;39m o.s.b.f.s.DefaultListableBeanFactory.doCreateBean - Eagerly caching bean 'org.springframework.context.annotation.internalPersistenceAnnotationProcessor' to allow for resolving potential circular references
22-07-2024 04:10:36.698 &amp#27;[35m[main]&amp#27;[0;39m &amp#27;[39mTRACE&amp#27;[0;39m o.s.b.f.s.DefaultListableBeanFactory.createBean - Finished creating instance of bean 'org.springframework.context.annotation.internalPersistenceAnnotationProcessor'
22-07-2024 04:10:36.698 &amp#27;[35m[main]&amp#27;[0;39m &amp#27;[39mDEBUG&amp#27;[0;39m o.s.b.f.s.DefaultListableBeanFactory.getSingleton - Creating shared instance of singleton bean 'org.springframework.boot.test.mock.mockito.MockitoPostProcessor$SpyPostProcessor'
22-07-2024 04:10:36.698 &amp#27;[35m[main]&amp#27;[0;39m &amp#27;[39mTRACE&amp#27;[0;39m o.s.b.f.s.DefaultListableBeanFactory.createBean - Creating instance of bean 'org.springframework.boot.test.mock.mockito.MockitoPostProcessor$SpyPostProcessor'
22-07-2024 04:10:36.698 &amp#27;[35m[main]&amp#27;[0;39m &amp#27;[39mTRACE&amp#27;[0;39m o.s.b.f.s.DefaultListableBeanFactory.doGetBean - Returning cached instance of singleton bean 'org.springframework.boot.test.mock.mockito.MockitoPostProcessor'
22-07-2024 04:10:36.698 &amp#27;[35m[main]&amp#27;[0;39m &amp#27;[39mTRACE&amp#27;[0;39m o.s.b.f.s.DefaultListableBeanFactory.doCreateBean - Eagerly caching bean 'org.springframework.boot.test.mock.mockito.MockitoPostProcessor$SpyPostProcessor' to allow for resolving potential circular references
22-07-2024 04:10:36.698 &amp#27;[35m[main]&amp#27;[0;39m &amp#27;[39mTRACE&amp#27;[0;39m o.s.b.f.s.DefaultListableBeanFactory.createBean - Finished creating instance of bean 'org.springframework.boot.test.mock.mockito.MockitoPostProcessor$SpyPostProcessor'
22-07-2024 04:10:36.698 &amp#27;[35m[main]&amp#27;[0;39m &amp#27;[39mTRACE&amp#27;[0;39m o.s.b.f.s.DefaultListableBeanFactory.doGetBean - Returning cached instance of singleton bean 'org.springframework.boot.test.mock.mockito.MockitoPostProcessor'
22-07-2024 04:10:36.698 &amp#27;[35m[main]&amp#27;[0;39m &amp#27;[39mTRACE&amp#27;[0;39m o.s.b.f.s.DefaultListableBeanFactory.doGetBean - Returning cached instance of singleton bean 'org.springframework.boot.test.autoconfigure.properties.PropertyMappingContextCustomizer$PropertyMappingCheckBeanPostProcessor'
22-07-2024 04:10:36.698 &amp#27;[35m[main]&amp#27;[0;39m &amp#27;[39mTRACE&amp#27;[0;39m o.s.c.s.GenericApplicationContext.initMessageSource - No 'messageSource' bean, using [Empty MessageSource]
22-07-2024 04:10:36.698 &amp#27;[35m[main]&amp#27;[0;39m &amp#27;[39mTRACE&amp#27;[0;39m o.s.c.s.GenericApplicationContext.initApplicationEventMulticaster - No 'applicationEventMulticaster' bean, using [SimpleApplicationEventMulticaster]
22-07-2024 04:10:36.698 &amp#27;[35m[main]&amp#27;[0;39m &amp#27;[39mTRACE&amp#27;[0;39m o.s.b.f.s.DefaultListableBeanFactory.preInstantiateSingletons - Pre-instantiating singletons in org.springframework.beans.factory.support.DefaultListableBeanFactory@63187d63: defining beans [org.springframework.context.annotation.internalConfigurationAnnotationProcessor,org.springframework.context.annotation.internalAutowiredAnnotationProcessor,org.springframework.context.annotation.internalCommonAnnotationProcessor,org.springframework.context.annotation.internalPersistenceAnnotationProcessor,org.springframework.context.event.internalEventListenerProcessor,org.springframework.context.event.internalEventListenerFactory,org.springframework.boot.test.mock.mockito.MockitoPostProcessor$SpyPostProcessor,org.springframework.boot.test.mock.mockito.MockitoPostProcessor]; root of factory hierarchy
22-07-2024 04:10:36.698 &amp#27;[35m[main]&amp#27;[0;39m &amp#27;[39mTRACE&amp#27;[0;39m o.s.b.f.s.DefaultListableBeanFactory.doGetBean - Returning cached instance of singleton bean 'org.springframework.context.annotation.internalConfigurationAnnotationProcessor'
22-07-2024 04:10:36.698 &amp#27;[35m[main]&amp#27;[0;39m &amp#27;[39mTRACE&amp#27;[0;39m o.s.b.f.s.DefaultListableBeanFactory.doGetBean - Returning cached instance of singleton bean 'org.springframework.context.annotation.internalAutowiredAnnotationProcessor'
22-07-2024 04:10:36.698 &amp#27;[35m[main]&amp#27;[0;39m &amp#27;[39mTRACE&amp#27;[0;39m o.s.b.f.s.DefaultListableBeanFactory.doGetBean - Returning cached instance of singleton bean 'org.springframework.context.annotation.internalCommonAnnotationProcessor'
22-07-2024 04:10:36.698 &amp#27;[35m[main]&amp#27;[0;39m &amp#27;[39mTRACE&amp#27;[0;39m o.s.b.f.s.DefaultListableBeanFactory.doGetBean - Returning cached instance of singleton bean 'org.springframework.context.annotation.internalPersistenceAnnotationProcessor'
22-07-2024 04:10:36.698 &amp#27;[35m[main]&amp#27;[0;39m &amp#27;[39mTRACE&amp#27;[0;39m o.s.b.f.s.DefaultListableBeanFactory.doGetBean - Returning cached instance of singleton bean 'org.springframework.context.event.internalEventListenerProcessor'
22-07-2024 04:10:36.699 &amp#27;[35m[main]&amp#27;[0;39m &amp#27;[39mTRACE&amp#27;[0;39m o.s.b.f.s.DefaultListableBeanFactory.doGetBean - Returning cached instance of singleton bean 'org.springframework.context.event.internalEventListenerFactory'
22-07-2024 04:10:36.699 &amp#27;[35m[main]&amp#27;[0;39m &amp#27;[39mTRACE&amp#27;[0;39m o.s.b.f.s.DefaultListableBeanFactory.doGetBean - Returning cached instance of singleton bean 'org.springframework.boot.test.mock.mockito.MockitoPostProcessor$SpyPostProcessor'
22-07-2024 04:10:36.699 &amp#27;[35m[main]&amp#27;[0;39m &amp#27;[39mTRACE&amp#27;[0;39m o.s.b.f.s.DefaultListableBeanFactory.doGetBean - Returning cached instance of singleton bean 'org.springframework.boot.test.mock.mockito.MockitoPostProcessor'
22-07-2024 04:10:36.700 &amp#27;[35m[main]&amp#27;[0;39m &amp#27;[39mTRACE&amp#27;[0;39m o.s.c.s.GenericApplicationContext.initLifecycleProcessor - No 'lifecycleProcessor' bean, using [DefaultLifecycleProcessor]
22-07-2024 04:10:36.700 &amp#27;[35m[main]&amp#27;[0;39m &amp#27;[39mTRACE&amp#27;[0;39m o.s.b.f.s.DefaultListableBeanFactory.doGetBean - Returning cached instance of singleton bean 'lifecycleProcessor'
22-07-2024 04:10:36.701 &amp#27;[35m[main]&amp#27;[0;39m &amp#27;[39mTRACE&amp#27;[0;39m o.s.t.c.c.DefaultCacheAwareContextLoaderDelegate.loadContext - Storing ApplicationContext [2041386868] in cache under key [MergedContextConfiguration@dada335 testClass = org.nauman.app.service.UserServiceTest, locations = [], classes = [], contextInitializerClasses = [], activeProfiles = [], propertySourceDescriptors = [], propertySourceProperties = [], contextCustomizers = [org.springframework.boot.test.context.filter.ExcludeFilterContextCustomizer@d23e042, org.springframework.boot.test.json.DuplicateJsonObjectContextCustomizerFactory$DuplicateJsonObjectContextCustomizer@14dd7b39, org.springframework.boot.test.mock.mockito.MockitoContextCustomizer@0, org.springframework.boot.test.autoconfigure.actuate.observability.ObservabilityContextCustomizerFactory$DisableObservabilityContextCustomizer@1f, org.springframework.boot.test.autoconfigure.properties.PropertyMappingContextCustomizer@0, org.springframework.boot.test.autoconfigure.web.servlet.WebDriverContextCustomizer@dc9876b], contextLoader = org.springframework.test.context.support.DelegatingSmartContextLoader, parent = null]
22-07-2024 04:10:36.701 &amp#27;[35m[main]&amp#27;[0;39m &amp#27;[39mDEBUG&amp#27;[0;39m o.springframework.test.context.cache.logStatistics - Spring test ApplicationContext cache statistics: [DefaultContextCache@682e445e size = 1, maxSize = 32, parentContextCount = 0, hitCount = 0, missCount = 2, failureCount = 1]
22-07-2024 04:10:36.702 &amp#27;[35m[main]&amp#27;[0;39m &amp#27;[39mTRACE&amp#27;[0;39m o.s.t.c.c.DefaultCacheAwareContextLoaderDelegate.loadContext - Retrieved ApplicationContext [2041386868] from cache with key [MergedContextConfiguration@dada335 testClass = org.nauman.app.service.UserServiceTest, locations = [], classes = [], contextInitializerClasses = [], activeProfiles = [], propertySourceDescriptors = [], propertySourceProperties = [], contextCustomizers = [org.springframework.boot.test.context.filter.ExcludeFilterContextCustomizer@d23e042, org.springframework.boot.test.json.DuplicateJsonObjectContextCustomizerFactory$DuplicateJsonObjectContextCustomizer@14dd7b39, org.springframework.boot.test.mock.mockito.MockitoContextCustomizer@0, org.springframework.boot.test.autoconfigure.actuate.observability.ObservabilityContextCustomizerFactory$DisableObservabilityContextCustomizer@1f, org.springframework.boot.test.autoconfigure.properties.PropertyMappingContextCustomizer@0, org.springframework.boot.test.autoconfigure.web.servlet.WebDriverContextCustomizer@dc9876b], contextLoader = org.springframework.test.context.support.DelegatingSmartContextLoader, parent = null]
22-07-2024 04:10:36.702 &amp#27;[35m[main]&amp#27;[0;39m &amp#27;[39mDEBUG&amp#27;[0;39m o.springframework.test.context.cache.logStatistics - Spring test ApplicationContext cache statistics: [DefaultContextCache@682e445e size = 1, maxSize = 32, parentContextCount = 0, hitCount = 1, missCount = 2, failureCount = 1]
22-07-2024 04:10:36.704 &amp#27;[35m[main]&amp#27;[0;39m &amp#27;[39mTRACE&amp#27;[0;39m o.s.test.context.TestContextManager.prepareForBeforeCallback - beforeTestMethod(): instance [org.nauman.app.service.UserServiceTest@716f94c1], method [public void org.nauman.app.service.UserServiceTest.testGetUserAsSuperUser()]
22-07-2024 04:10:36.705 &amp#27;[35m[main]&amp#27;[0;39m &amp#27;[39mTRACE&amp#27;[0;39m o.s.t.c.s.DirtiesContextBeforeModesTestExecutionListener.beforeOrAfterTestMethod - Before test method: context [DefaultTestContext@3c33fcf8 testClass = org.nauman.app.service.UserServiceTest, testInstance = org.nauman.app.service.UserServiceTest@716f94c1, testMethod = testGetUserAsSuperUser(), testException = null, mergedContextConfiguration = [MergedContextConfiguration@dada335 testClass = org.nauman.app.service.UserServiceTest, locations = [], classes = [], contextInitializerClasses = [], activeProfiles = [], propertySourceDescriptors = [], propertySourceProperties = [], contextCustomizers = [org.springframework.boot.test.context.filter.ExcludeFilterContextCustomizer@d23e042, org.springframework.boot.test.json.DuplicateJsonObjectContextCustomizerFactory$DuplicateJsonObjectContextCustomizer@14dd7b39, org.springframework.boot.test.mock.mockito.MockitoContextCustomizer@0, org.springframework.boot.test.autoconfigure.actuate.observability.ObservabilityContextCustomizerFactory$DisableObservabilityContextCustomizer@1f, org.springframework.boot.test.autoconfigure.properties.PropertyMappingContextCustomizer@0, org.springframework.boot.test.autoconfigure.web.servlet.WebDriverContextCustomizer@dc9876b], contextLoader = org.springframework.test.context.support.DelegatingSmartContextLoader, parent = null], attributes = {"org.springframework.test.context.event.ApplicationEventsTestExecutionListener.recordApplicationEvents" -> false, "org.springframework.boot.test.mock.mockito.MockitoTestExecutionListener.mocks" -> org.mockito.internal.configuration.InjectingAnnotationEngine$$Lambda$1035/0x0000007001558868@30517a57}], class annotated with @DirtiesContext [false] with mode [null], method annotated with @DirtiesContext [false] with mode [null]
22-07-2024 04:10:36.707 &amp#27;[35m[main]&amp#27;[0;39m &amp#27;[39mTRACE&amp#27;[0;39m o.s.t.c.c.DefaultCacheAwareContextLoaderDelegate.loadContext - Retrieved ApplicationContext [2041386868] from cache with key [MergedContextConfiguration@dada335 testClass = org.nauman.app.service.UserServiceTest, locations = [], classes = [], contextInitializerClasses = [], activeProfiles = [], propertySourceDescriptors = [], propertySourceProperties = [], contextCustomizers = [org.springframework.boot.test.context.filter.ExcludeFilterContextCustomizer@d23e042, org.springframework.boot.test.json.DuplicateJsonObjectContextCustomizerFactory$DuplicateJsonObjectContextCustomizer@14dd7b39, org.springframework.boot.test.mock.mockito.MockitoContextCustomizer@0, org.springframework.boot.test.autoconfigure.actuate.observability.ObservabilityContextCustomizerFactory$DisableObservabilityContextCustomizer@1f, org.springframework.boot.test.autoconfigure.properties.PropertyMappingContextCustomizer@0, org.springframework.boot.test.autoconfigure.web.servlet.WebDriverContextCustomizer@dc9876b], contextLoader = org.springframework.test.context.support.DelegatingSmartContextLoader, parent = null]
22-07-2024 04:10:36.707 &amp#27;[35m[main]&amp#27;[0;39m &amp#27;[39mDEBUG&amp#27;[0;39m o.springframework.test.context.cache.logStatistics - Spring test ApplicationContext cache statistics: [DefaultContextCache@682e445e size = 1, maxSize = 32, parentContextCount = 0, hitCount = 2, missCount = 2, failureCount = 1]
22-07-2024 04:10:36.707 &amp#27;[35m[main]&amp#27;[0;39m &amp#27;[39mTRACE&amp#27;[0;39m o.s.t.c.c.DefaultCacheAwareContextLoaderDelegate.loadContext - Retrieved ApplicationContext [2041386868] from cache with key [MergedContextConfiguration@dada335 testClass = org.nauman.app.service.UserServiceTest, locations = [], classes = [], contextInitializerClasses = [], activeProfiles = [], propertySourceDescriptors = [], propertySourceProperties = [], contextCustomizers = [org.springframework.boot.test.context.filter.ExcludeFilterContextCustomizer@d23e042, org.springframework.boot.test.json.DuplicateJsonObjectContextCustomizerFactory$DuplicateJsonObjectContextCustomizer@14dd7b39, org.springframework.boot.test.mock.mockito.MockitoContextCustomizer@0, org.springframework.boot.test.autoconfigure.actuate.observability.ObservabilityContextCustomizerFactory$DisableObservabilityContextCustomizer@1f, org.springframework.boot.test.autoconfigure.properties.PropertyMappingContextCustomizer@0, org.springframework.boot.test.autoconfigure.web.servlet.WebDriverContextCustomizer@dc9876b], contextLoader = org.springframework.test.context.support.DelegatingSmartContextLoader, parent = null]
22-07-2024 04:10:36.707 &amp#27;[35m[main]&amp#27;[0;39m &amp#27;[39mDEBUG&amp#27;[0;39m o.springframework.test.context.cache.logStatistics - Spring test ApplicationContext cache statistics: [DefaultContextCache@682e445e size = 1, maxSize = 32, parentContextCount = 0, hitCount = 3, missCount = 2, failureCount = 1]
22-07-2024 04:10:36.707 &amp#27;[35m[main]&amp#27;[0;39m &amp#27;[39mTRACE&amp#27;[0;39m o.s.b.f.s.DefaultListableBeanFactory.doGetBean - Returning cached instance of singleton bean 'org.springframework.context.annotation.internalConfigurationAnnotationProcessor'
22-07-2024 04:10:36.708 &amp#27;[35m[main]&amp#27;[0;39m &amp#27;[39mTRACE&amp#27;[0;39m o.s.b.f.s.DefaultListableBeanFactory.doGetBean - Returning cached instance of singleton bean 'org.springframework.context.annotation.internalAutowiredAnnotationProcessor'
22-07-2024 04:10:36.708 &amp#27;[35m[main]&amp#27;[0;39m &amp#27;[39mTRACE&amp#27;[0;39m o.s.b.f.s.DefaultListableBeanFactory.doGetBean - Returning cached instance of singleton bean 'org.springframework.context.annotation.internalCommonAnnotationProcessor'
22-07-2024 04:10:36.708 &amp#27;[35m[main]&amp#27;[0;39m &amp#27;[39mTRACE&amp#27;[0;39m o.s.b.f.s.DefaultListableBeanFactory.doGetBean - Returning cached instance of singleton bean 'org.springframework.context.annotation.internalPersistenceAnnotationProcessor'
22-07-2024 04:10:36.708 &amp#27;[35m[main]&amp#27;[0;39m &amp#27;[39mTRACE&amp#27;[0;39m o.s.b.f.s.DefaultListableBeanFactory.doGetBean - Returning cached instance of singleton bean 'org.springframework.context.event.internalEventListenerProcessor'
22-07-2024 04:10:36.708 &amp#27;[35m[main]&amp#27;[0;39m &amp#27;[39mTRACE&amp#27;[0;39m o.s.b.f.s.DefaultListableBeanFactory.doGetBean - Returning cached instance of singleton bean 'org.springframework.context.event.internalEventListenerFactory'
22-07-2024 04:10:36.708 &amp#27;[35m[main]&amp#27;[0;39m &amp#27;[39mTRACE&amp#27;[0;39m o.s.b.f.s.DefaultListableBeanFactory.doGetBean - Returning cached instance of singleton bean 'org.springframework.boot.test.mock.mockito.MockitoPostProcessor$SpyPostProcessor'
22-07-2024 04:10:36.708 &amp#27;[35m[main]&amp#27;[0;39m &amp#27;[39mTRACE&amp#27;[0;39m o.s.b.f.s.DefaultListableBeanFactory.doGetBean - Returning cached instance of singleton bean 'org.springframework.boot.test.mock.mockito.MockitoPostProcessor'
22-07-2024 04:10:36.708 &amp#27;[35m[main]&amp#27;[0;39m &amp#27;[39mTRACE&amp#27;[0;39m o.s.b.f.s.DefaultListableBeanFactory.doGetBean - Returning cached instance of singleton bean 'org.springframework.boot.test.mock.mockito.MockitoBeans'
22-07-2024 04:10:36.708 &amp#27;[35m[main]&amp#27;[0;39m &amp#27;[39mTRACE&amp#27;[0;39m o.s.test.context.TestContextManager.prepareForBeforeCallback - beforeTestExecution(): instance [org.nauman.app.service.UserServiceTest@716f94c1], method [public void org.nauman.app.service.UserServiceTest.testGetUserAsSuperUser()]
22-07-2024 04:10:36.709 &amp#27;[35m[main]&amp#27;[0;39m &amp#27;[39mTRACE&amp#27;[0;39m o.s.t.c.c.DefaultCacheAwareContextLoaderDelegate.loadContext - Retrieved ApplicationContext [2041386868] from cache with key [MergedContextConfiguration@dada335 testClass = org.nauman.app.service.UserServiceTest, locations = [], classes = [], contextInitializerClasses = [], activeProfiles = [], propertySourceDescriptors = [], propertySourceProperties = [], contextCustomizers = [org.springframework.boot.test.context.filter.ExcludeFilterContextCustomizer@d23e042, org.springframework.boot.test.json.DuplicateJsonObjectContextCustomizerFactory$DuplicateJsonObjectContextCustomizer@14dd7b39, org.springframework.boot.test.mock.mockito.MockitoContextCustomizer@0, org.springframework.boot.test.autoconfigure.actuate.observability.ObservabilityContextCustomizerFactory$DisableObservabilityContextCustomizer@1f, org.springframework.boot.test.autoconfigure.properties.PropertyMappingContextCustomizer@0, org.springframework.boot.test.autoconfigure.web.servlet.WebDriverContextCustomizer@dc9876b], contextLoader = org.springframework.test.context.support.DelegatingSmartContextLoader, parent = null]
22-07-2024 04:10:36.709 &amp#27;[35m[main]&amp#27;[0;39m &amp#27;[39mDEBUG&amp#27;[0;39m o.springframework.test.context.cache.logStatistics - Spring test ApplicationContext cache statistics: [DefaultContextCache@682e445e size = 1, maxSize = 32, parentContextCount = 0, hitCount = 4, missCount = 2, failureCount = 1]
22-07-2024 04:10:36.725 &amp#27;[35m[main]&amp#27;[0;39m &amp#27;[39mTRACE&amp#27;[0;39m o.s.test.context.TestContextManager.prepareForAfterCallback - afterTestExecution(): instance [org.nauman.app.service.UserServiceTest@716f94c1], method [public void org.nauman.app.service.UserServiceTest.testGetUserAsSuperUser()], exception [null]
22-07-2024 04:10:36.725 &amp#27;[35m[main]&amp#27;[0;39m &amp#27;[39mTRACE&amp#27;[0;39m o.s.t.c.c.DefaultCacheAwareContextLoaderDelegate.loadContext - Retrieved ApplicationContext [2041386868] from cache with key [MergedContextConfiguration@dada335 testClass = org.nauman.app.service.UserServiceTest, locations = [], classes = [], contextInitializerClasses = [], activeProfiles = [], propertySourceDescriptors = [], propertySourceProperties = [], contextCustomizers = [org.springframework.boot.test.context.filter.ExcludeFilterContextCustomizer@d23e042, org.springframework.boot.test.json.DuplicateJsonObjectContextCustomizerFactory$DuplicateJsonObjectContextCustomizer@14dd7b39, org.springframework.boot.test.mock.mockito.MockitoContextCustomizer@0, org.springframework.boot.test.autoconfigure.actuate.observability.ObservabilityContextCustomizerFactory$DisableObservabilityContextCustomizer@1f, org.springframework.boot.test.autoconfigure.properties.PropertyMappingContextCustomizer@0, org.springframework.boot.test.autoconfigure.web.servlet.WebDriverContextCustomizer@dc9876b], contextLoader = org.springframework.test.context.support.DelegatingSmartContextLoader, parent = null]
22-07-2024 04:10:36.725 &amp#27;[35m[main]&amp#27;[0;39m &amp#27;[39mDEBUG&amp#27;[0;39m o.springframework.test.context.cache.logStatistics - Spring test ApplicationContext cache statistics: [DefaultContextCache@682e445e size = 1, maxSize = 32, parentContextCount = 0, hitCount = 5, missCount = 2, failureCount = 1]
22-07-2024 04:10:36.726 &amp#27;[35m[main]&amp#27;[0;39m &amp#27;[39mTRACE&amp#27;[0;39m o.s.test.context.TestContextManager.prepareForAfterCallback - afterTestMethod(): instance [org.nauman.app.service.UserServiceTest@716f94c1], method [public void org.nauman.app.service.UserServiceTest.testGetUserAsSuperUser()], exception [null]
22-07-2024 04:10:36.726 &amp#27;[35m[main]&amp#27;[0;39m &amp#27;[39mTRACE&amp#27;[0;39m o.s.t.c.c.DefaultCacheAwareContextLoaderDelegate.loadContext - Retrieved ApplicationContext [2041386868] from cache with key [MergedContextConfiguration@dada335 testClass = org.nauman.app.service.UserServiceTest, locations = [], classes = [], contextInitializerClasses = [], activeProfiles = [], propertySourceDescriptors = [], propertySourceProperties = [], contextCustomizers = [org.springframework.boot.test.context.filter.ExcludeFilterContextCustomizer@d23e042, org.springframework.boot.test.json.DuplicateJsonObjectContextCustomizerFactory$DuplicateJsonObjectContextCustomizer@14dd7b39, org.springframework.boot.test.mock.mockito.MockitoContextCustomizer@0, org.springframework.boot.test.autoconfigure.actuate.observability.ObservabilityContextCustomizerFactory$DisableObservabilityContextCustomizer@1f, org.springframework.boot.test.autoconfigure.properties.PropertyMappingContextCustomizer@0, org.springframework.boot.test.autoconfigure.web.servlet.WebDriverContextCustomizer@dc9876b], contextLoader = org.springframework.test.context.support.DelegatingSmartContextLoader, parent = null]
22-07-2024 04:10:36.726 &amp#27;[35m[main]&amp#27;[0;39m &amp#27;[39mDEBUG&amp#27;[0;39m o.springframework.test.context.cache.logStatistics - Spring test ApplicationContext cache statistics: [DefaultContextCache@682e445e size = 1, maxSize = 32, parentContextCount = 0, hitCount = 6, missCount = 2, failureCount = 1]
22-07-2024 04:10:36.726 &amp#27;[35m[main]&amp#27;[0;39m &amp#27;[39mTRACE&amp#27;[0;39m o.s.t.c.c.DefaultCacheAwareContextLoaderDelegate.loadContext - Retrieved ApplicationContext [2041386868] from cache with key [MergedContextConfiguration@dada335 testClass = org.nauman.app.service.UserServiceTest, locations = [], classes = [], contextInitializerClasses = [], activeProfiles = [], propertySourceDescriptors = [], propertySourceProperties = [], contextCustomizers = [org.springframework.boot.test.context.filter.ExcludeFilterContextCustomizer@d23e042, org.springframework.boot.test.json.DuplicateJsonObjectContextCustomizerFactory$DuplicateJsonObjectContextCustomizer@14dd7b39, org.springframework.boot.test.mock.mockito.MockitoContextCustomizer@0, org.springframework.boot.test.autoconfigure.actuate.observability.ObservabilityContextCustomizerFactory$DisableObservabilityContextCustomizer@1f, org.springframework.boot.test.autoconfigure.properties.PropertyMappingContextCustomizer@0, org.springframework.boot.test.autoconfigure.web.servlet.WebDriverContextCustomizer@dc9876b], contextLoader = org.springframework.test.context.support.DelegatingSmartContextLoader, parent = null]
22-07-2024 04:10:36.726 &amp#27;[35m[main]&amp#27;[0;39m &amp#27;[39mDEBUG&amp#27;[0;39m o.springframework.test.context.cache.logStatistics - Spring test ApplicationContext cache statistics: [DefaultContextCache@682e445e size = 1, maxSize = 32, parentContextCount = 0, hitCount = 7, missCount = 2, failureCount = 1]
22-07-2024 04:10:36.726 &amp#27;[35m[main]&amp#27;[0;39m &amp#27;[39mTRACE&amp#27;[0;39m o.s.b.f.s.DefaultListableBeanFactory.getBeanDefinition - No bean named 'org.springframework.boot.test.autoconfigure.web.servlet.SpringBootMockMvcBuilderCustomizer$DeferredLinesWriter' found in org.springframework.beans.factory.support.DefaultListableBeanFactory@63187d63: defining beans [org.springframework.context.annotation.internalConfigurationAnnotationProcessor,org.springframework.context.annotation.internalAutowiredAnnotationProcessor,org.springframework.context.annotation.internalCommonAnnotationProcessor,org.springframework.context.annotation.internalPersistenceAnnotationProcessor,org.springframework.context.event.internalEventListenerProcessor,org.springframework.context.event.internalEventListenerFactory,org.springframework.boot.test.mock.mockito.MockitoPostProcessor$SpyPostProcessor,org.springframework.boot.test.mock.mockito.MockitoPostProcessor]; root of factory hierarchy
22-07-2024 04:10:36.726 &amp#27;[35m[main]&amp#27;[0;39m &amp#27;[39mTRACE&amp#27;[0;39m o.s.t.c.c.DefaultCacheAwareContextLoaderDelegate.loadContext - Retrieved ApplicationContext [2041386868] from cache with key [MergedContextConfiguration@dada335 testClass = org.nauman.app.service.UserServiceTest, locations = [], classes = [], contextInitializerClasses = [], activeProfiles = [], propertySourceDescriptors = [], propertySourceProperties = [], contextCustomizers = [org.springframework.boot.test.context.filter.ExcludeFilterContextCustomizer@d23e042, org.springframework.boot.test.json.DuplicateJsonObjectContextCustomizerFactory$DuplicateJsonObjectContextCustomizer@14dd7b39, org.springframework.boot.test.mock.mockito.MockitoContextCustomizer@0, org.springframework.boot.test.autoconfigure.actuate.observability.ObservabilityContextCustomizerFactory$DisableObservabilityContextCustomizer@1f, org.springframework.boot.test.autoconfigure.properties.PropertyMappingContextCustomizer@0, org.springframework.boot.test.autoconfigure.web.servlet.WebDriverContextCustomizer@dc9876b], contextLoader = org.springframework.test.context.support.DelegatingSmartContextLoader, parent = null]
22-07-2024 04:10:36.726 &amp#27;[35m[main]&amp#27;[0;39m &amp#27;[39mDEBUG&amp#27;[0;39m o.springframework.test.context.cache.logStatistics - Spring test ApplicationContext cache statistics: [DefaultContextCache@682e445e size = 1, maxSize = 32, parentContextCount = 0, hitCount = 8, missCount = 2, failureCount = 1]
22-07-2024 04:10:36.727 &amp#27;[35m[main]&amp#27;[0;39m &amp#27;[39mTRACE&amp#27;[0;39m o.s.t.c.c.DefaultCacheAwareContextLoaderDelegate.loadContext - Retrieved ApplicationContext [2041386868] from cache with key [MergedContextConfiguration@dada335 testClass = org.nauman.app.service.UserServiceTest, locations = [], classes = [], contextInitializerClasses = [], activeProfiles = [], propertySourceDescriptors = [], propertySourceProperties = [], contextCustomizers = [org.springframework.boot.test.context.filter.ExcludeFilterContextCustomizer@d23e042, org.springframework.boot.test.json.DuplicateJsonObjectContextCustomizerFactory$DuplicateJsonObjectContextCustomizer@14dd7b39, org.springframework.boot.test.mock.mockito.MockitoContextCustomizer@0, org.springframework.boot.test.autoconfigure.actuate.observability.ObservabilityContextCustomizerFactory$DisableObservabilityContextCustomizer@1f, org.springframework.boot.test.autoconfigure.properties.PropertyMappingContextCustomizer@0, org.springframework.boot.test.autoconfigure.web.servlet.WebDriverContextCustomizer@dc9876b], contextLoader = org.springframework.test.context.support.DelegatingSmartContextLoader, parent = null]
22-07-2024 04:10:36.727 &amp#27;[35m[main]&amp#27;[0;39m &amp#27;[39mDEBUG&amp#27;[0;39m o.springframework.test.context.cache.logStatistics - Spring test ApplicationContext cache statistics: [DefaultContextCache@682e445e size = 1, maxSize = 32, parentContextCount = 0, hitCount = 9, missCount = 2, failureCount = 1]
22-07-2024 04:10:36.727 &amp#27;[35m[main]&amp#27;[0;39m &amp#27;[39mTRACE&amp#27;[0;39m o.s.b.f.s.DefaultListableBeanFactory.doGetBean - Returning cached instance of singleton bean 'org.springframework.context.annotation.internalConfigurationAnnotationProcessor'
22-07-2024 04:10:36.727 &amp#27;[35m[main]&amp#27;[0;39m &amp#27;[39mTRACE&amp#27;[0;39m o.s.b.f.s.DefaultListableBeanFactory.doGetBean - Returning cached instance of singleton bean 'org.springframework.context.annotation.internalAutowiredAnnotationProcessor'
22-07-2024 04:10:36.727 &amp#27;[35m[main]&amp#27;[0;39m &amp#27;[39mTRACE&amp#27;[0;39m o.s.b.f.s.DefaultListableBeanFactory.doGetBean - Returning cached instance of singleton bean 'org.springframework.context.annotation.internalCommonAnnotationProcessor'
22-07-2024 04:10:36.727 &amp#27;[35m[main]&amp#27;[0;39m &amp#27;[39mTRACE&amp#27;[0;39m o.s.b.f.s.DefaultListableBeanFactory.doGetBean - Returning cached instance of singleton bean 'org.springframework.context.annotation.internalPersistenceAnnotationProcessor'
22-07-2024 04:10:36.727 &amp#27;[35m[main]&amp#27;[0;39m &amp#27;[39mTRACE&amp#27;[0;39m o.s.b.f.s.DefaultListableBeanFactory.doGetBean - Returning cached instance of singleton bean 'org.springframework.context.event.internalEventListenerProcessor'
22-07-2024 04:10:36.727 &amp#27;[35m[main]&amp#27;[0;39m &amp#27;[39mTRACE&amp#27;[0;39m o.s.b.f.s.DefaultListableBeanFactory.doGetBean - Returning cached instance of singleton bean 'org.springframework.context.event.internalEventListenerFactory'
22-07-2024 04:10:36.727 &amp#27;[35m[main]&amp#27;[0;39m &amp#27;[39mTRACE&amp#27;[0;39m o.s.b.f.s.DefaultListableBeanFactory.doGetBean - Returning cached instance of singleton bean 'org.springframework.boot.test.mock.mockito.MockitoPostProcessor$SpyPostProcessor'
22-07-2024 04:10:36.727 &amp#27;[35m[main]&amp#27;[0;39m &amp#27;[39mTRACE&amp#27;[0;39m o.s.b.f.s.DefaultListableBeanFactory.doGetBean - Returning cached instance of singleton bean 'org.springframework.boot.test.mock.mockito.MockitoPostProcessor'
22-07-2024 04:10:36.727 &amp#27;[35m[main]&amp#27;[0;39m &amp#27;[39mTRACE&amp#27;[0;39m o.s.b.f.s.DefaultListableBeanFactory.doGetBean - Returning cached instance of singleton bean 'org.springframework.boot.test.mock.mockito.MockitoBeans'
22-07-2024 04:10:36.727 &amp#27;[35m[main]&amp#27;[0;39m &amp#27;[39mTRACE&amp#27;[0;39m o.s.t.c.c.DefaultCacheAwareContextLoaderDelegate.loadContext - Retrieved ApplicationContext [2041386868] from cache with key [MergedContextConfiguration@dada335 testClass = org.nauman.app.service.UserServiceTest, locations = [], classes = [], contextInitializerClasses = [], activeProfiles = [], propertySourceDescriptors = [], propertySourceProperties = [], contextCustomizers = [org.springframework.boot.test.context.filter.ExcludeFilterContextCustomizer@d23e042, org.springframework.boot.test.json.DuplicateJsonObjectContextCustomizerFactory$DuplicateJsonObjectContextCustomizer@14dd7b39, org.springframework.boot.test.mock.mockito.MockitoContextCustomizer@0, org.springframework.boot.test.autoconfigure.actuate.observability.ObservabilityContextCustomizerFactory$DisableObservabilityContextCustomizer@1f, org.springframework.boot.test.autoconfigure.properties.PropertyMappingContextCustomizer@0, org.springframework.boot.test.autoconfigure.web.servlet.WebDriverContextCustomizer@dc9876b], contextLoader = org.springframework.test.context.support.DelegatingSmartContextLoader, parent = null]
22-07-2024 04:10:36.727 &amp#27;[35m[main]&amp#27;[0;39m &amp#27;[39mDEBUG&amp#27;[0;39m o.springframework.test.context.cache.logStatistics - Spring test ApplicationContext cache statistics: [DefaultContextCache@682e445e size = 1, maxSize = 32, parentContextCount = 0, hitCount = 10, missCount = 2, failureCount = 1]
22-07-2024 04:10:36.728 &amp#27;[35m[main]&amp#27;[0;39m &amp#27;[39mTRACE&amp#27;[0;39m o.s.t.c.s.DirtiesContextTestExecutionListener.beforeOrAfterTestMethod - After test method: context [DefaultTestContext@3c33fcf8 testClass = org.nauman.app.service.UserServiceTest, testInstance = org.nauman.app.service.UserServiceTest@716f94c1, testMethod = testGetUserAsSuperUser(), testException = null, mergedContextConfiguration = [MergedContextConfiguration@dada335 testClass = org.nauman.app.service.UserServiceTest, locations = [], classes = [], contextInitializerClasses = [], activeProfiles = [], propertySourceDescriptors = [], propertySourceProperties = [], contextCustomizers = [org.springframework.boot.test.context.filter.ExcludeFilterContextCustomizer@d23e042, org.springframework.boot.test.json.DuplicateJsonObjectContextCustomizerFactory$DuplicateJsonObjectContextCustomizer@14dd7b39, org.springframework.boot.test.mock.mockito.MockitoContextCustomizer@0, org.springframework.boot.test.autoconfigure.actuate.observability.ObservabilityContextCustomizerFactory$DisableObservabilityContextCustomizer@1f, org.springframework.boot.test.autoconfigure.properties.PropertyMappingContextCustomizer@0, org.springframework.boot.test.autoconfigure.web.servlet.WebDriverContextCustomizer@dc9876b], contextLoader = org.springframework.test.context.support.DelegatingSmartContextLoader, parent = null], attributes = {"org.springframework.test.context.event.ApplicationEventsTestExecutionListener.recordApplicationEvents" -> false, "org.springframework.boot.test.mock.mockito.MockitoTestExecutionListener.mocks" -> org.mockito.internal.configuration.InjectingAnnotationEngine$$Lambda$1035/0x0000007001558868@30517a57}], class annotated with @DirtiesContext [false] with mode [null], method annotated with @DirtiesContext [false] with mode [null]
]]></system-out>
  </testcase>
</testsuite>